[ 2024-11-19 23:31:06,086 ] 21 logger - INFO - Logger is working correctly!
[ 2024-11-19 23:31:07,164 ] 11 __main__ - INFO - Attempting to fetch User ID for Name: Riyaz Mullaji and Aadhaar: 1234567895
[ 2024-11-19 23:31:07,164 ] 414 snowflake.connector.connection - INFO - Snowflake Connector for Python Version: 3.12.3, Python Version: 3.11.5, Platform: Windows-10-10.0.22631-SP0
[ 2024-11-19 23:31:07,166 ] 1197 snowflake.connector.connection - INFO - Connecting to GLOBAL Snowflake domain
[ 2024-11-19 23:31:07,166 ] 1278 snowflake.connector.connection - INFO - This connection is in OCSP Fail Open Mode. TLS Certificates would be checked for validity and revocation status. Any other Certificate Revocation related exceptions or OCSP Responder failures would be disregarded in favor of connectivity.
[ 2024-11-19 23:31:08,148 ] 24 utils.database - INFO - Connection to Snowflake established successfully.
[ 2024-11-19 23:31:08,217 ] 1166 snowflake.connector.cursor - INFO - Number of results in first chunk: 1
[ 2024-11-19 23:31:08,218 ] 39 utils.database - INFO - Query executed successfully: [('cc8ae49b-d8e3-4875-8050-dbc697cc298b',)]
[ 2024-11-19 23:31:08,218 ] 789 snowflake.connector.connection - INFO - closed
[ 2024-11-19 23:31:08,246 ] 795 snowflake.connector.connection - INFO - No async queries seem to be running, deleting session
[ 2024-11-19 23:31:08,272 ] 17 __main__ - INFO - User ID found: cc8ae49b-d8e3-4875-8050-dbc697cc298b
[ 2024-11-19 23:31:08,272 ] 27 __main__ - INFO - Attempting to update project progress for user cc8ae49b-d8e3-4875-8050-dbc697cc298b to Roof
[ 2024-11-19 23:31:08,273 ] 414 snowflake.connector.connection - INFO - Snowflake Connector for Python Version: 3.12.3, Python Version: 3.11.5, Platform: Windows-10-10.0.22631-SP0
[ 2024-11-19 23:31:08,274 ] 1197 snowflake.connector.connection - INFO - Connecting to GLOBAL Snowflake domain
[ 2024-11-19 23:31:08,274 ] 1278 snowflake.connector.connection - INFO - This connection is in OCSP Fail Open Mode. TLS Certificates would be checked for validity and revocation status. Any other Certificate Revocation related exceptions or OCSP Responder failures would be disregarded in favor of connectivity.
[ 2024-11-19 23:31:08,691 ] 24 utils.database - INFO - Connection to Snowflake established successfully.
[ 2024-11-19 23:31:09,479 ] 1166 snowflake.connector.cursor - INFO - Number of results in first chunk: 1
[ 2024-11-19 23:31:09,480 ] 43 utils.database - INFO - Query executed successfully (INSERT/UPDATE/DELETE).
[ 2024-11-19 23:31:09,480 ] 789 snowflake.connector.connection - INFO - closed
[ 2024-11-19 23:31:09,500 ] 795 snowflake.connector.connection - INFO - No async queries seem to be running, deleting session
[ 2024-11-19 23:31:09,524 ] 31 __main__ - INFO - Successfully updated project progress to Roof for user cc8ae49b-d8e3-4875-8050-dbc697cc298b
