[ 2024-11-21 22:49:14,182 ] 21 logger - INFO - Logger is working correctly!
[ 2024-11-21 22:49:14,185 ] 22 utils.database - INFO - Queries loaded successfully: ['INSERT_USER_APPLICATION', 'FETCH_USERID_QUERY', 'UPDATE_USER_PROJECT_PROGRESS', 'FETCH_PENDING_APPLICATIONS', 'UPDATE_USER_STATUS', 'UPDATE_PMAY_DATA', 'UPDATE_USER_OFFICER_ID', 'FETCH_PROGRESS_NOT_STARTED', 'UPDATE_PMARY_PROGRESS_FOUNDATION', 'UPDATE_PMARY_PROGRESS_LINTEL', 'UPDATE_PMARY_PROGRESS_ROOF', 'UPDATE_PMARY_PROGRESS_COMPLETED', 'UPDATE_USER_FOUNDATION_URL', 'UPDATE_USER_LINTEL_URL', 'UPDATE_USER_ROOF_URL', 'UPDATE_USER_COMPLETED_URL', 'UPDATE_USER_SANITATION_URL', 'FETCH_USERS_WITH_COMPLETEDVERF', 'FETCH_TOTAL_BENEFICIARIES', 'FETCH_COMPLETED_HOMES', 'FETCH_UNSTARTED_PROJECTS', 'FETCH_ACTIVE_DISTRICTS']
[ 2024-11-21 22:49:14,890 ] 414 snowflake.connector.connection - INFO - Snowflake Connector for Python Version: 3.12.3, Python Version: 3.11.5, Platform: Windows-10-10.0.22631-SP0
[ 2024-11-21 22:49:14,892 ] 1197 snowflake.connector.connection - INFO - Connecting to GLOBAL Snowflake domain
[ 2024-11-21 22:49:14,892 ] 1278 snowflake.connector.connection - INFO - This connection is in OCSP Fail Open Mode. TLS Certificates would be checked for validity and revocation status. Any other Certificate Revocation related exceptions or OCSP Responder failures would be disregarded in favor of connectivity.
[ 2024-11-21 22:49:17,105 ] 42 utils.database - INFO - Connection to Snowflake established successfully.
[ 2024-11-21 22:49:17,179 ] 1166 snowflake.connector.cursor - INFO - Number of results in first chunk: 1
[ 2024-11-21 22:49:17,180 ] 61 utils.database - INFO - Query executed successfully: [(349164,)]
[ 2024-11-21 22:49:17,180 ] 789 snowflake.connector.connection - INFO - closed
[ 2024-11-21 22:49:17,204 ] 795 snowflake.connector.connection - INFO - No async queries seem to be running, deleting session
[ 2024-11-21 22:49:17,258 ] 414 snowflake.connector.connection - INFO - Snowflake Connector for Python Version: 3.12.3, Python Version: 3.11.5, Platform: Windows-10-10.0.22631-SP0
[ 2024-11-21 22:49:17,259 ] 1197 snowflake.connector.connection - INFO - Connecting to GLOBAL Snowflake domain
[ 2024-11-21 22:49:17,259 ] 1278 snowflake.connector.connection - INFO - This connection is in OCSP Fail Open Mode. TLS Certificates would be checked for validity and revocation status. Any other Certificate Revocation related exceptions or OCSP Responder failures would be disregarded in favor of connectivity.
[ 2024-11-21 22:49:18,326 ] 42 utils.database - INFO - Connection to Snowflake established successfully.
[ 2024-11-21 22:49:18,487 ] 1166 snowflake.connector.cursor - INFO - Number of results in first chunk: 1
[ 2024-11-21 22:49:18,487 ] 61 utils.database - INFO - Query executed successfully: [(36475,)]
[ 2024-11-21 22:49:18,487 ] 789 snowflake.connector.connection - INFO - closed
[ 2024-11-21 22:49:18,509 ] 795 snowflake.connector.connection - INFO - No async queries seem to be running, deleting session
[ 2024-11-21 22:49:18,571 ] 414 snowflake.connector.connection - INFO - Snowflake Connector for Python Version: 3.12.3, Python Version: 3.11.5, Platform: Windows-10-10.0.22631-SP0
[ 2024-11-21 22:49:18,571 ] 1197 snowflake.connector.connection - INFO - Connecting to GLOBAL Snowflake domain
[ 2024-11-21 22:49:18,571 ] 1278 snowflake.connector.connection - INFO - This connection is in OCSP Fail Open Mode. TLS Certificates would be checked for validity and revocation status. Any other Certificate Revocation related exceptions or OCSP Responder failures would be disregarded in favor of connectivity.
[ 2024-11-21 22:49:19,420 ] 42 utils.database - INFO - Connection to Snowflake established successfully.
[ 2024-11-21 22:49:19,556 ] 1166 snowflake.connector.cursor - INFO - Number of results in first chunk: 1
[ 2024-11-21 22:49:19,556 ] 61 utils.database - INFO - Query executed successfully: [(226446,)]
[ 2024-11-21 22:49:19,556 ] 789 snowflake.connector.connection - INFO - closed
[ 2024-11-21 22:49:19,594 ] 795 snowflake.connector.connection - INFO - No async queries seem to be running, deleting session
[ 2024-11-21 22:49:19,639 ] 414 snowflake.connector.connection - INFO - Snowflake Connector for Python Version: 3.12.3, Python Version: 3.11.5, Platform: Windows-10-10.0.22631-SP0
[ 2024-11-21 22:49:19,639 ] 1197 snowflake.connector.connection - INFO - Connecting to GLOBAL Snowflake domain
[ 2024-11-21 22:49:19,639 ] 1278 snowflake.connector.connection - INFO - This connection is in OCSP Fail Open Mode. TLS Certificates would be checked for validity and revocation status. Any other Certificate Revocation related exceptions or OCSP Responder failures would be disregarded in favor of connectivity.
[ 2024-11-21 22:49:20,475 ] 42 utils.database - INFO - Connection to Snowflake established successfully.
[ 2024-11-21 22:49:20,545 ] 1166 snowflake.connector.cursor - INFO - Number of results in first chunk: 1
[ 2024-11-21 22:49:20,546 ] 61 utils.database - INFO - Query executed successfully: [(31,)]
[ 2024-11-21 22:49:20,546 ] 789 snowflake.connector.connection - INFO - closed
[ 2024-11-21 22:49:20,572 ] 795 snowflake.connector.connection - INFO - No async queries seem to be running, deleting session
[ 2024-11-21 22:53:17,780 ] 21 logger - INFO - Logger is working correctly!
[ 2024-11-21 22:53:17,781 ] 22 utils.database - INFO - Queries loaded successfully: ['INSERT_USER_APPLICATION', 'FETCH_USERID_QUERY', 'UPDATE_USER_PROJECT_PROGRESS', 'FETCH_PENDING_APPLICATIONS', 'UPDATE_USER_STATUS', 'UPDATE_PMAY_DATA', 'UPDATE_USER_OFFICER_ID', 'FETCH_PROGRESS_NOT_STARTED', 'UPDATE_PMARY_PROGRESS_FOUNDATION', 'UPDATE_PMARY_PROGRESS_LINTEL', 'UPDATE_PMARY_PROGRESS_ROOF', 'UPDATE_PMARY_PROGRESS_COMPLETED', 'UPDATE_USER_FOUNDATION_URL', 'UPDATE_USER_LINTEL_URL', 'UPDATE_USER_ROOF_URL', 'UPDATE_USER_COMPLETED_URL', 'UPDATE_USER_SANITATION_URL', 'FETCH_USERS_WITH_COMPLETEDVERF', 'FETCH_TOTAL_BENEFICIARIES', 'FETCH_COMPLETED_HOMES', 'FETCH_UNSTARTED_PROJECTS', 'FETCH_ACTIVE_DISTRICTS']
[ 2024-11-21 22:53:56,681 ] 21 logger - INFO - Logger is working correctly!
[ 2024-11-21 22:53:56,681 ] 22 utils.database - INFO - Queries loaded successfully: ['INSERT_USER_APPLICATION', 'FETCH_USERID_QUERY', 'UPDATE_USER_PROJECT_PROGRESS', 'FETCH_PENDING_APPLICATIONS', 'UPDATE_USER_STATUS', 'UPDATE_PMAY_DATA', 'UPDATE_USER_OFFICER_ID', 'FETCH_PROGRESS_NOT_STARTED', 'UPDATE_PMARY_PROGRESS_FOUNDATION', 'UPDATE_PMARY_PROGRESS_LINTEL', 'UPDATE_PMARY_PROGRESS_ROOF', 'UPDATE_PMARY_PROGRESS_COMPLETED', 'UPDATE_USER_FOUNDATION_URL', 'UPDATE_USER_LINTEL_URL', 'UPDATE_USER_ROOF_URL', 'UPDATE_USER_COMPLETED_URL', 'UPDATE_USER_SANITATION_URL', 'FETCH_USERS_WITH_COMPLETEDVERF', 'FETCH_TOTAL_BENEFICIARIES', 'FETCH_COMPLETED_HOMES', 'FETCH_UNSTARTED_PROJECTS', 'FETCH_ACTIVE_DISTRICTS']
[ 2024-11-21 22:53:56,691 ] 414 snowflake.connector.connection - INFO - Snowflake Connector for Python Version: 3.12.3, Python Version: 3.11.5, Platform: Windows-10-10.0.22631-SP0
[ 2024-11-21 22:53:56,692 ] 1197 snowflake.connector.connection - INFO - Connecting to GLOBAL Snowflake domain
[ 2024-11-21 22:53:56,692 ] 1278 snowflake.connector.connection - INFO - This connection is in OCSP Fail Open Mode. TLS Certificates would be checked for validity and revocation status. Any other Certificate Revocation related exceptions or OCSP Responder failures would be disregarded in favor of connectivity.
[ 2024-11-21 22:53:57,230 ] 42 utils.database - INFO - Connection to Snowflake established successfully.
[ 2024-11-21 22:53:57,315 ] 1166 snowflake.connector.cursor - INFO - Number of results in first chunk: 1
[ 2024-11-21 22:53:57,315 ] 61 utils.database - INFO - Query executed successfully: [(349164,)]
[ 2024-11-21 22:53:57,315 ] 789 snowflake.connector.connection - INFO - closed
[ 2024-11-21 22:53:57,332 ] 795 snowflake.connector.connection - INFO - No async queries seem to be running, deleting session
[ 2024-11-21 22:53:57,397 ] 414 snowflake.connector.connection - INFO - Snowflake Connector for Python Version: 3.12.3, Python Version: 3.11.5, Platform: Windows-10-10.0.22631-SP0
[ 2024-11-21 22:53:57,397 ] 1197 snowflake.connector.connection - INFO - Connecting to GLOBAL Snowflake domain
[ 2024-11-21 22:53:57,398 ] 1278 snowflake.connector.connection - INFO - This connection is in OCSP Fail Open Mode. TLS Certificates would be checked for validity and revocation status. Any other Certificate Revocation related exceptions or OCSP Responder failures would be disregarded in favor of connectivity.
[ 2024-11-21 22:53:57,905 ] 42 utils.database - INFO - Connection to Snowflake established successfully.
[ 2024-11-21 22:53:58,142 ] 1166 snowflake.connector.cursor - INFO - Number of results in first chunk: 1
[ 2024-11-21 22:53:58,142 ] 61 utils.database - INFO - Query executed successfully: [(36475,)]
[ 2024-11-21 22:53:58,143 ] 789 snowflake.connector.connection - INFO - closed
[ 2024-11-21 22:53:58,162 ] 795 snowflake.connector.connection - INFO - No async queries seem to be running, deleting session
[ 2024-11-21 22:53:58,219 ] 414 snowflake.connector.connection - INFO - Snowflake Connector for Python Version: 3.12.3, Python Version: 3.11.5, Platform: Windows-10-10.0.22631-SP0
[ 2024-11-21 22:53:58,219 ] 1197 snowflake.connector.connection - INFO - Connecting to GLOBAL Snowflake domain
[ 2024-11-21 22:53:58,220 ] 1278 snowflake.connector.connection - INFO - This connection is in OCSP Fail Open Mode. TLS Certificates would be checked for validity and revocation status. Any other Certificate Revocation related exceptions or OCSP Responder failures would be disregarded in favor of connectivity.
[ 2024-11-21 22:53:58,814 ] 42 utils.database - INFO - Connection to Snowflake established successfully.
[ 2024-11-21 22:53:58,885 ] 1166 snowflake.connector.cursor - INFO - Number of results in first chunk: 1
[ 2024-11-21 22:53:58,886 ] 61 utils.database - INFO - Query executed successfully: [(226446,)]
[ 2024-11-21 22:53:58,886 ] 789 snowflake.connector.connection - INFO - closed
[ 2024-11-21 22:53:58,958 ] 795 snowflake.connector.connection - INFO - No async queries seem to be running, deleting session
[ 2024-11-21 22:53:59,059 ] 414 snowflake.connector.connection - INFO - Snowflake Connector for Python Version: 3.12.3, Python Version: 3.11.5, Platform: Windows-10-10.0.22631-SP0
[ 2024-11-21 22:53:59,059 ] 1197 snowflake.connector.connection - INFO - Connecting to GLOBAL Snowflake domain
[ 2024-11-21 22:53:59,059 ] 1278 snowflake.connector.connection - INFO - This connection is in OCSP Fail Open Mode. TLS Certificates would be checked for validity and revocation status. Any other Certificate Revocation related exceptions or OCSP Responder failures would be disregarded in favor of connectivity.
[ 2024-11-21 22:53:59,559 ] 42 utils.database - INFO - Connection to Snowflake established successfully.
[ 2024-11-21 22:53:59,616 ] 1166 snowflake.connector.cursor - INFO - Number of results in first chunk: 1
[ 2024-11-21 22:53:59,617 ] 61 utils.database - INFO - Query executed successfully: [(31,)]
[ 2024-11-21 22:53:59,617 ] 789 snowflake.connector.connection - INFO - closed
[ 2024-11-21 22:53:59,644 ] 795 snowflake.connector.connection - INFO - No async queries seem to be running, deleting session
[ 2024-11-21 22:56:38,175 ] 21 logger - INFO - Logger is working correctly!
[ 2024-11-21 22:56:38,176 ] 22 utils.database - INFO - Queries loaded successfully: ['INSERT_USER_APPLICATION', 'FETCH_USERID_QUERY', 'UPDATE_USER_PROJECT_PROGRESS', 'FETCH_PENDING_APPLICATIONS', 'UPDATE_USER_STATUS', 'UPDATE_PMAY_DATA', 'UPDATE_USER_OFFICER_ID', 'FETCH_PROGRESS_NOT_STARTED', 'UPDATE_PMARY_PROGRESS_FOUNDATION', 'UPDATE_PMARY_PROGRESS_LINTEL', 'UPDATE_PMARY_PROGRESS_ROOF', 'UPDATE_PMARY_PROGRESS_COMPLETED', 'UPDATE_USER_FOUNDATION_URL', 'UPDATE_USER_LINTEL_URL', 'UPDATE_USER_ROOF_URL', 'UPDATE_USER_COMPLETED_URL', 'UPDATE_USER_SANITATION_URL', 'FETCH_USERS_WITH_COMPLETEDVERF', 'FETCH_TOTAL_BENEFICIARIES', 'FETCH_COMPLETED_HOMES', 'FETCH_UNSTARTED_PROJECTS', 'FETCH_ACTIVE_DISTRICTS']
[ 2024-11-21 22:56:38,185 ] 414 snowflake.connector.connection - INFO - Snowflake Connector for Python Version: 3.12.3, Python Version: 3.11.5, Platform: Windows-10-10.0.22631-SP0
[ 2024-11-21 22:56:38,185 ] 1197 snowflake.connector.connection - INFO - Connecting to GLOBAL Snowflake domain
[ 2024-11-21 22:56:38,185 ] 1278 snowflake.connector.connection - INFO - This connection is in OCSP Fail Open Mode. TLS Certificates would be checked for validity and revocation status. Any other Certificate Revocation related exceptions or OCSP Responder failures would be disregarded in favor of connectivity.
[ 2024-11-21 22:56:38,782 ] 42 utils.database - INFO - Connection to Snowflake established successfully.
[ 2024-11-21 22:56:38,860 ] 1166 snowflake.connector.cursor - INFO - Number of results in first chunk: 1
[ 2024-11-21 22:56:38,860 ] 61 utils.database - INFO - Query executed successfully: [(349164,)]
[ 2024-11-21 22:56:38,860 ] 789 snowflake.connector.connection - INFO - closed
[ 2024-11-21 22:56:38,881 ] 795 snowflake.connector.connection - INFO - No async queries seem to be running, deleting session
[ 2024-11-21 22:56:38,944 ] 414 snowflake.connector.connection - INFO - Snowflake Connector for Python Version: 3.12.3, Python Version: 3.11.5, Platform: Windows-10-10.0.22631-SP0
[ 2024-11-21 22:56:38,944 ] 1197 snowflake.connector.connection - INFO - Connecting to GLOBAL Snowflake domain
[ 2024-11-21 22:56:38,944 ] 1278 snowflake.connector.connection - INFO - This connection is in OCSP Fail Open Mode. TLS Certificates would be checked for validity and revocation status. Any other Certificate Revocation related exceptions or OCSP Responder failures would be disregarded in favor of connectivity.
[ 2024-11-21 22:56:39,451 ] 42 utils.database - INFO - Connection to Snowflake established successfully.
[ 2024-11-21 22:56:39,490 ] 1166 snowflake.connector.cursor - INFO - Number of results in first chunk: 1
[ 2024-11-21 22:56:39,490 ] 61 utils.database - INFO - Query executed successfully: [(36475,)]
[ 2024-11-21 22:56:39,490 ] 789 snowflake.connector.connection - INFO - closed
[ 2024-11-21 22:56:39,534 ] 795 snowflake.connector.connection - INFO - No async queries seem to be running, deleting session
[ 2024-11-21 22:56:39,557 ] 414 snowflake.connector.connection - INFO - Snowflake Connector for Python Version: 3.12.3, Python Version: 3.11.5, Platform: Windows-10-10.0.22631-SP0
[ 2024-11-21 22:56:39,557 ] 1197 snowflake.connector.connection - INFO - Connecting to GLOBAL Snowflake domain
[ 2024-11-21 22:56:39,557 ] 1278 snowflake.connector.connection - INFO - This connection is in OCSP Fail Open Mode. TLS Certificates would be checked for validity and revocation status. Any other Certificate Revocation related exceptions or OCSP Responder failures would be disregarded in favor of connectivity.
[ 2024-11-21 22:56:39,948 ] 42 utils.database - INFO - Connection to Snowflake established successfully.
[ 2024-11-21 22:56:40,022 ] 1166 snowflake.connector.cursor - INFO - Number of results in first chunk: 1
[ 2024-11-21 22:56:40,022 ] 61 utils.database - INFO - Query executed successfully: [(226446,)]
[ 2024-11-21 22:56:40,022 ] 789 snowflake.connector.connection - INFO - closed
[ 2024-11-21 22:56:40,094 ] 795 snowflake.connector.connection - INFO - No async queries seem to be running, deleting session
[ 2024-11-21 22:56:40,180 ] 414 snowflake.connector.connection - INFO - Snowflake Connector for Python Version: 3.12.3, Python Version: 3.11.5, Platform: Windows-10-10.0.22631-SP0
[ 2024-11-21 22:56:40,180 ] 1197 snowflake.connector.connection - INFO - Connecting to GLOBAL Snowflake domain
[ 2024-11-21 22:56:40,180 ] 1278 snowflake.connector.connection - INFO - This connection is in OCSP Fail Open Mode. TLS Certificates would be checked for validity and revocation status. Any other Certificate Revocation related exceptions or OCSP Responder failures would be disregarded in favor of connectivity.
[ 2024-11-21 22:56:42,085 ] 42 utils.database - INFO - Connection to Snowflake established successfully.
[ 2024-11-21 22:56:42,170 ] 1166 snowflake.connector.cursor - INFO - Number of results in first chunk: 1
[ 2024-11-21 22:56:42,170 ] 61 utils.database - INFO - Query executed successfully: [(31,)]
[ 2024-11-21 22:56:42,170 ] 789 snowflake.connector.connection - INFO - closed
[ 2024-11-21 22:56:42,326 ] 795 snowflake.connector.connection - INFO - No async queries seem to be running, deleting session
[ 2024-11-21 22:57:33,576 ] 21 logger - INFO - Logger is working correctly!
[ 2024-11-21 22:57:33,577 ] 22 utils.database - INFO - Queries loaded successfully: ['INSERT_USER_APPLICATION', 'FETCH_USERID_QUERY', 'UPDATE_USER_PROJECT_PROGRESS', 'FETCH_PENDING_APPLICATIONS', 'UPDATE_USER_STATUS', 'UPDATE_PMAY_DATA', 'UPDATE_USER_OFFICER_ID', 'FETCH_PROGRESS_NOT_STARTED', 'UPDATE_PMARY_PROGRESS_FOUNDATION', 'UPDATE_PMARY_PROGRESS_LINTEL', 'UPDATE_PMARY_PROGRESS_ROOF', 'UPDATE_PMARY_PROGRESS_COMPLETED', 'UPDATE_USER_FOUNDATION_URL', 'UPDATE_USER_LINTEL_URL', 'UPDATE_USER_ROOF_URL', 'UPDATE_USER_COMPLETED_URL', 'UPDATE_USER_SANITATION_URL', 'FETCH_USERS_WITH_COMPLETEDVERF', 'FETCH_TOTAL_BENEFICIARIES', 'FETCH_COMPLETED_HOMES', 'FETCH_UNSTARTED_PROJECTS', 'FETCH_ACTIVE_DISTRICTS']
[ 2024-11-21 22:57:33,585 ] 414 snowflake.connector.connection - INFO - Snowflake Connector for Python Version: 3.12.3, Python Version: 3.11.5, Platform: Windows-10-10.0.22631-SP0
[ 2024-11-21 22:57:33,586 ] 1197 snowflake.connector.connection - INFO - Connecting to GLOBAL Snowflake domain
[ 2024-11-21 22:57:33,586 ] 1278 snowflake.connector.connection - INFO - This connection is in OCSP Fail Open Mode. TLS Certificates would be checked for validity and revocation status. Any other Certificate Revocation related exceptions or OCSP Responder failures would be disregarded in favor of connectivity.
[ 2024-11-21 22:57:34,222 ] 42 utils.database - INFO - Connection to Snowflake established successfully.
[ 2024-11-21 22:57:34,296 ] 1166 snowflake.connector.cursor - INFO - Number of results in first chunk: 1
[ 2024-11-21 22:57:34,296 ] 61 utils.database - INFO - Query executed successfully: [(349164,)]
[ 2024-11-21 22:57:34,296 ] 789 snowflake.connector.connection - INFO - closed
[ 2024-11-21 22:57:34,377 ] 795 snowflake.connector.connection - INFO - No async queries seem to be running, deleting session
[ 2024-11-21 22:57:34,552 ] 414 snowflake.connector.connection - INFO - Snowflake Connector for Python Version: 3.12.3, Python Version: 3.11.5, Platform: Windows-10-10.0.22631-SP0
[ 2024-11-21 22:57:34,552 ] 1197 snowflake.connector.connection - INFO - Connecting to GLOBAL Snowflake domain
[ 2024-11-21 22:57:34,552 ] 1278 snowflake.connector.connection - INFO - This connection is in OCSP Fail Open Mode. TLS Certificates would be checked for validity and revocation status. Any other Certificate Revocation related exceptions or OCSP Responder failures would be disregarded in favor of connectivity.
[ 2024-11-21 22:57:34,923 ] 42 utils.database - INFO - Connection to Snowflake established successfully.
[ 2024-11-21 22:57:34,982 ] 1166 snowflake.connector.cursor - INFO - Number of results in first chunk: 1
[ 2024-11-21 22:57:34,982 ] 61 utils.database - INFO - Query executed successfully: [(36475,)]
[ 2024-11-21 22:57:34,982 ] 789 snowflake.connector.connection - INFO - closed
[ 2024-11-21 22:57:35,063 ] 795 snowflake.connector.connection - INFO - No async queries seem to be running, deleting session
[ 2024-11-21 22:57:35,120 ] 414 snowflake.connector.connection - INFO - Snowflake Connector for Python Version: 3.12.3, Python Version: 3.11.5, Platform: Windows-10-10.0.22631-SP0
[ 2024-11-21 22:57:35,120 ] 1197 snowflake.connector.connection - INFO - Connecting to GLOBAL Snowflake domain
[ 2024-11-21 22:57:35,120 ] 1278 snowflake.connector.connection - INFO - This connection is in OCSP Fail Open Mode. TLS Certificates would be checked for validity and revocation status. Any other Certificate Revocation related exceptions or OCSP Responder failures would be disregarded in favor of connectivity.
[ 2024-11-21 22:57:36,136 ] 42 utils.database - INFO - Connection to Snowflake established successfully.
[ 2024-11-21 22:57:36,194 ] 1166 snowflake.connector.cursor - INFO - Number of results in first chunk: 1
[ 2024-11-21 22:57:36,194 ] 61 utils.database - INFO - Query executed successfully: [(226446,)]
[ 2024-11-21 22:57:36,194 ] 789 snowflake.connector.connection - INFO - closed
[ 2024-11-21 22:57:36,210 ] 795 snowflake.connector.connection - INFO - No async queries seem to be running, deleting session
[ 2024-11-21 22:57:36,271 ] 414 snowflake.connector.connection - INFO - Snowflake Connector for Python Version: 3.12.3, Python Version: 3.11.5, Platform: Windows-10-10.0.22631-SP0
[ 2024-11-21 22:57:36,271 ] 1197 snowflake.connector.connection - INFO - Connecting to GLOBAL Snowflake domain
[ 2024-11-21 22:57:36,271 ] 1278 snowflake.connector.connection - INFO - This connection is in OCSP Fail Open Mode. TLS Certificates would be checked for validity and revocation status. Any other Certificate Revocation related exceptions or OCSP Responder failures would be disregarded in favor of connectivity.
[ 2024-11-21 22:57:36,863 ] 42 utils.database - INFO - Connection to Snowflake established successfully.
[ 2024-11-21 22:57:36,929 ] 1166 snowflake.connector.cursor - INFO - Number of results in first chunk: 1
[ 2024-11-21 22:57:36,929 ] 61 utils.database - INFO - Query executed successfully: [(31,)]
[ 2024-11-21 22:57:36,929 ] 789 snowflake.connector.connection - INFO - closed
[ 2024-11-21 22:57:37,009 ] 795 snowflake.connector.connection - INFO - No async queries seem to be running, deleting session
[ 2024-11-21 23:02:21,859 ] 21 logger - INFO - Logger is working correctly!
[ 2024-11-21 23:02:21,874 ] 22 utils.database - INFO - Queries loaded successfully: ['INSERT_USER_APPLICATION', 'FETCH_USERID_QUERY', 'UPDATE_USER_PROJECT_PROGRESS', 'FETCH_PENDING_APPLICATIONS', 'UPDATE_USER_STATUS', 'UPDATE_PMAY_DATA', 'UPDATE_USER_OFFICER_ID', 'FETCH_PROGRESS_NOT_STARTED', 'UPDATE_PMARY_PROGRESS_FOUNDATION', 'UPDATE_PMARY_PROGRESS_LINTEL', 'UPDATE_PMARY_PROGRESS_ROOF', 'UPDATE_PMARY_PROGRESS_COMPLETED', 'UPDATE_USER_FOUNDATION_URL', 'UPDATE_USER_LINTEL_URL', 'UPDATE_USER_ROOF_URL', 'UPDATE_USER_COMPLETED_URL', 'UPDATE_USER_SANITATION_URL', 'FETCH_USERS_WITH_COMPLETEDVERF', 'FETCH_TOTAL_BENEFICIARIES', 'FETCH_COMPLETED_HOMES', 'FETCH_UNSTARTED_PROJECTS', 'FETCH_ACTIVE_DISTRICTS']
