[ 2024-11-22 07:35:08,923 ] 21 logger - INFO - Logger is working correctly!
[ 2024-11-22 07:35:08,924 ] 22 utils.database - INFO - Queries loaded successfully: ['INSERT_USER_APPLICATION', 'FETCH_USERID_QUERY', 'UPDATE_USER_PROJECT_PROGRESS', 'FETCH_PENDING_APPLICATIONS', 'UPDATE_USER_STATUS', 'UPDATE_PMAY_DATA', 'UPDATE_USER_OFFICER_ID', 'FETCH_PROGRESS_NOT_STARTED', 'UPDATE_PMARY_PROGRESS_FOUNDATION', 'UPDATE_PMARY_PROGRESS_LINTEL', 'UPDATE_PMARY_PROGRESS_ROOF', 'UPDATE_PMARY_PROGRESS_COMPLETED', 'UPDATE_USER_FOUNDATION_URL', 'UPDATE_USER_LINTEL_URL', 'UPDATE_USER_ROOF_URL', 'UPDATE_USER_COMPLETED_URL', 'UPDATE_USER_SANITATION_URL', 'FETCH_USERS_WITH_COMPLETEDVERF', 'FETCH_TOTAL_BENEFICIARIES', 'FETCH_COMPLETED_HOMES', 'FETCH_UNSTARTED_PROJECTS', 'FETCH_ACTIVE_DISTRICTS', 'Fetch the progress data for Karnataka districts in PMAY', 'Use PROGRESS_TOTAL to calculate progress', 'Fetching districts ordered by completion rate', 'Fetching comparison data for two districts']
[ 2024-11-22 07:35:12,189 ] 414 snowflake.connector.connection - INFO - Snowflake Connector for Python Version: 3.12.3, Python Version: 3.11.5, Platform: Windows-10-10.0.22631-SP0
[ 2024-11-22 07:35:12,190 ] 1197 snowflake.connector.connection - INFO - Connecting to GLOBAL Snowflake domain
[ 2024-11-22 07:35:12,190 ] 1278 snowflake.connector.connection - INFO - This connection is in OCSP Fail Open Mode. TLS Certificates would be checked for validity and revocation status. Any other Certificate Revocation related exceptions or OCSP Responder failures would be disregarded in favor of connectivity.
[ 2024-11-22 07:35:13,239 ] 42 utils.database - INFO - Connection to Snowflake established successfully.
[ 2024-11-22 07:35:14,147 ] 68 utils.database - ERROR - Error executing query: 001003 (42000): 01b8881d-0000-cdc2-0008-4ae6000215d6: SQL compilation error:
syntax error line 5 at position 17 unexpected '%'.
[ 2024-11-22 07:35:14,147 ] 789 snowflake.connector.connection - INFO - closed
[ 2024-11-22 07:35:14,221 ] 795 snowflake.connector.connection - INFO - No async queries seem to be running, deleting session
[ 2024-11-22 07:37:39,893 ] 414 snowflake.connector.connection - INFO - Snowflake Connector for Python Version: 3.12.3, Python Version: 3.11.5, Platform: Windows-10-10.0.22631-SP0
[ 2024-11-22 07:37:39,894 ] 1197 snowflake.connector.connection - INFO - Connecting to GLOBAL Snowflake domain
[ 2024-11-22 07:37:39,894 ] 1278 snowflake.connector.connection - INFO - This connection is in OCSP Fail Open Mode. TLS Certificates would be checked for validity and revocation status. Any other Certificate Revocation related exceptions or OCSP Responder failures would be disregarded in favor of connectivity.
[ 2024-11-22 07:37:40,508 ] 42 utils.database - INFO - Connection to Snowflake established successfully.
[ 2024-11-22 07:37:40,644 ] 68 utils.database - ERROR - Error executing query: 001003 (42000): 01b8881f-0000-cdc2-0008-4ae6000215da: SQL compilation error:
syntax error line 5 at position 17 unexpected '%'.
[ 2024-11-22 07:37:40,644 ] 789 snowflake.connector.connection - INFO - closed
[ 2024-11-22 07:37:40,662 ] 795 snowflake.connector.connection - INFO - No async queries seem to be running, deleting session
[ 2024-11-22 07:38:19,748 ] 414 snowflake.connector.connection - INFO - Snowflake Connector for Python Version: 3.12.3, Python Version: 3.11.5, Platform: Windows-10-10.0.22631-SP0
[ 2024-11-22 07:38:19,749 ] 1197 snowflake.connector.connection - INFO - Connecting to GLOBAL Snowflake domain
[ 2024-11-22 07:38:19,749 ] 1278 snowflake.connector.connection - INFO - This connection is in OCSP Fail Open Mode. TLS Certificates would be checked for validity and revocation status. Any other Certificate Revocation related exceptions or OCSP Responder failures would be disregarded in favor of connectivity.
[ 2024-11-22 07:38:20,388 ] 42 utils.database - INFO - Connection to Snowflake established successfully.
[ 2024-11-22 07:38:20,493 ] 68 utils.database - ERROR - Error executing query: 001003 (42000): 01b88820-0000-ce38-0008-4ae6000222b2: SQL compilation error:
syntax error line 5 at position 17 unexpected '%'.
[ 2024-11-22 07:38:20,493 ] 789 snowflake.connector.connection - INFO - closed
[ 2024-11-22 07:38:20,521 ] 795 snowflake.connector.connection - INFO - No async queries seem to be running, deleting session
[ 2024-11-22 07:46:43,343 ] 21 logger - INFO - Logger is working correctly!
[ 2024-11-22 07:46:43,344 ] 22 utils.database - INFO - Queries loaded successfully: ['INSERT_USER_APPLICATION', 'FETCH_USERID_QUERY', 'UPDATE_USER_PROJECT_PROGRESS', 'FETCH_PENDING_APPLICATIONS', 'UPDATE_USER_STATUS', 'UPDATE_PMAY_DATA', 'UPDATE_USER_OFFICER_ID', 'FETCH_PROGRESS_NOT_STARTED', 'UPDATE_PMARY_PROGRESS_FOUNDATION', 'UPDATE_PMARY_PROGRESS_LINTEL', 'UPDATE_PMARY_PROGRESS_ROOF', 'UPDATE_PMARY_PROGRESS_COMPLETED', 'UPDATE_USER_FOUNDATION_URL', 'UPDATE_USER_LINTEL_URL', 'UPDATE_USER_ROOF_URL', 'UPDATE_USER_COMPLETED_URL', 'UPDATE_USER_SANITATION_URL', 'FETCH_USERS_WITH_COMPLETEDVERF', 'Fetch the progress data for Karnataka districts in PMAY', 'Use PROGRESS_TOTAL to calculate progress', 'FETCH_TOTAL_BENEFICIARIES', 'FETCH_COMPLETED_HOMES', 'FETCH_UNSTARTED_PROJECTS', 'FETCH_ACTIVE_DISTRICTS', 'FETCH_PERFORMANCE_RANKING', 'FETCH_DISTRICT_COMPARISON']
[ 2024-11-22 07:46:43,356 ] 414 snowflake.connector.connection - INFO - Snowflake Connector for Python Version: 3.12.3, Python Version: 3.11.5, Platform: Windows-10-10.0.22631-SP0
[ 2024-11-22 07:46:43,357 ] 1197 snowflake.connector.connection - INFO - Connecting to GLOBAL Snowflake domain
[ 2024-11-22 07:46:43,357 ] 1278 snowflake.connector.connection - INFO - This connection is in OCSP Fail Open Mode. TLS Certificates would be checked for validity and revocation status. Any other Certificate Revocation related exceptions or OCSP Responder failures would be disregarded in favor of connectivity.
[ 2024-11-22 07:46:43,987 ] 42 utils.database - INFO - Connection to Snowflake established successfully.
[ 2024-11-22 07:46:44,559 ] 1166 snowflake.connector.cursor - INFO - Number of results in first chunk: 1
[ 2024-11-22 07:46:44,563 ] 61 utils.database - INFO - Query executed successfully: [(349164,)]
[ 2024-11-22 07:46:44,563 ] 789 snowflake.connector.connection - INFO - closed
[ 2024-11-22 07:46:44,581 ] 795 snowflake.connector.connection - INFO - No async queries seem to be running, deleting session
[ 2024-11-22 07:46:44,657 ] 414 snowflake.connector.connection - INFO - Snowflake Connector for Python Version: 3.12.3, Python Version: 3.11.5, Platform: Windows-10-10.0.22631-SP0
[ 2024-11-22 07:46:44,658 ] 1197 snowflake.connector.connection - INFO - Connecting to GLOBAL Snowflake domain
[ 2024-11-22 07:46:44,658 ] 1278 snowflake.connector.connection - INFO - This connection is in OCSP Fail Open Mode. TLS Certificates would be checked for validity and revocation status. Any other Certificate Revocation related exceptions or OCSP Responder failures would be disregarded in favor of connectivity.
[ 2024-11-22 07:46:45,141 ] 42 utils.database - INFO - Connection to Snowflake established successfully.
[ 2024-11-22 07:46:45,564 ] 1166 snowflake.connector.cursor - INFO - Number of results in first chunk: 1
[ 2024-11-22 07:46:45,564 ] 61 utils.database - INFO - Query executed successfully: [(36475,)]
[ 2024-11-22 07:46:45,564 ] 789 snowflake.connector.connection - INFO - closed
[ 2024-11-22 07:46:45,631 ] 795 snowflake.connector.connection - INFO - No async queries seem to be running, deleting session
[ 2024-11-22 07:46:45,660 ] 414 snowflake.connector.connection - INFO - Snowflake Connector for Python Version: 3.12.3, Python Version: 3.11.5, Platform: Windows-10-10.0.22631-SP0
[ 2024-11-22 07:46:45,660 ] 1197 snowflake.connector.connection - INFO - Connecting to GLOBAL Snowflake domain
[ 2024-11-22 07:46:45,660 ] 1278 snowflake.connector.connection - INFO - This connection is in OCSP Fail Open Mode. TLS Certificates would be checked for validity and revocation status. Any other Certificate Revocation related exceptions or OCSP Responder failures would be disregarded in favor of connectivity.
[ 2024-11-22 07:46:46,489 ] 42 utils.database - INFO - Connection to Snowflake established successfully.
[ 2024-11-22 07:46:46,564 ] 1166 snowflake.connector.cursor - INFO - Number of results in first chunk: 1
[ 2024-11-22 07:46:46,565 ] 61 utils.database - INFO - Query executed successfully: [(226446,)]
[ 2024-11-22 07:46:46,565 ] 789 snowflake.connector.connection - INFO - closed
[ 2024-11-22 07:46:46,584 ] 795 snowflake.connector.connection - INFO - No async queries seem to be running, deleting session
[ 2024-11-22 07:46:46,646 ] 414 snowflake.connector.connection - INFO - Snowflake Connector for Python Version: 3.12.3, Python Version: 3.11.5, Platform: Windows-10-10.0.22631-SP0
[ 2024-11-22 07:46:46,647 ] 1197 snowflake.connector.connection - INFO - Connecting to GLOBAL Snowflake domain
[ 2024-11-22 07:46:46,647 ] 1278 snowflake.connector.connection - INFO - This connection is in OCSP Fail Open Mode. TLS Certificates would be checked for validity and revocation status. Any other Certificate Revocation related exceptions or OCSP Responder failures would be disregarded in favor of connectivity.
[ 2024-11-22 07:46:47,373 ] 42 utils.database - INFO - Connection to Snowflake established successfully.
[ 2024-11-22 07:46:47,531 ] 1166 snowflake.connector.cursor - INFO - Number of results in first chunk: 1
[ 2024-11-22 07:46:47,531 ] 61 utils.database - INFO - Query executed successfully: [(28,)]
[ 2024-11-22 07:46:47,531 ] 789 snowflake.connector.connection - INFO - closed
[ 2024-11-22 07:46:47,554 ] 795 snowflake.connector.connection - INFO - No async queries seem to be running, deleting session
[ 2024-11-22 07:46:47,624 ] 414 snowflake.connector.connection - INFO - Snowflake Connector for Python Version: 3.12.3, Python Version: 3.11.5, Platform: Windows-10-10.0.22631-SP0
[ 2024-11-22 07:46:47,624 ] 1197 snowflake.connector.connection - INFO - Connecting to GLOBAL Snowflake domain
[ 2024-11-22 07:46:47,624 ] 1278 snowflake.connector.connection - INFO - This connection is in OCSP Fail Open Mode. TLS Certificates would be checked for validity and revocation status. Any other Certificate Revocation related exceptions or OCSP Responder failures would be disregarded in favor of connectivity.
[ 2024-11-22 07:46:48,436 ] 42 utils.database - INFO - Connection to Snowflake established successfully.
[ 2024-11-22 07:46:48,519 ] 1166 snowflake.connector.cursor - INFO - Number of results in first chunk: 31
[ 2024-11-22 07:46:48,528 ] 61 utils.database - INFO - Query executed successfully: [('Yadgiri', Decimal('58.578100')), ('Chamarajanagar', Decimal('47.272700')), ('Kolar', Decimal('46.924500')), ('Chikkaballapur', Decimal('38.203100')), ('Davanagere', Decimal('25.705300')), ('Bengaluru_Rural', Decimal('23.622000')), ('Raichur', Decimal('23.524600')), ('Vijayapura', Decimal('21.766400')), ('Ramanagara', Decimal('21.735300')), ('Gadag', Decimal('20.454500')), ('Tumakuru', Decimal('20.101900')), ('Ballari', Decimal('19.868800')), ('Kalaburagi', Decimal('18.483900')), ('Mandya', Decimal('16.073100')), ('Haveri', Decimal('15.447300')), ('Bidar', Decimal('11.416800')), ('Bagalkot', Decimal('11.082500')), ('Koppal', Decimal('10.816900')), ('Mysuru', Decimal('10.402700')), ('Chikkamagaluru', Decimal('10.122200')), ('Belagavi', Decimal('9.367700')), ('UttaraKannada', Decimal('8.454800')), ('Shivamogga', Decimal('6.467800')), ('Chitradurga', Decimal('4.547900')), ('Bengaluru_Urban', Decimal('4.098800')), ('Udupi', Decimal('3.478300')), ('Dharwad', Decimal('2.181700')), ('Hassan', Decimal('1.921200')), ('DakshinaKannada', Decimal('1.121200')), ('Kodagu', Decimal('0.000000')), ('Vijayanagara', Decimal('0.000000'))]
[ 2024-11-22 07:46:48,528 ] 789 snowflake.connector.connection - INFO - closed
[ 2024-11-22 07:46:48,591 ] 795 snowflake.connector.connection - INFO - No async queries seem to be running, deleting session
[ 2024-11-22 07:46:48,676 ] 68 utils.database - ERROR - Error executing query: Query 'SELECT DISTINCT DISTRICT FROM PMAY_DB.HOUSING.PMAY_DATA' not found in loaded queries.
[ 2024-11-22 07:55:32,842 ] 21 logger - INFO - Logger is working correctly!
[ 2024-11-22 07:55:32,843 ] 22 utils.database - INFO - Queries loaded successfully: ['INSERT_USER_APPLICATION', 'FETCH_USERID_QUERY', 'UPDATE_USER_PROJECT_PROGRESS', 'FETCH_PENDING_APPLICATIONS', 'UPDATE_USER_STATUS', 'UPDATE_PMAY_DATA', 'UPDATE_USER_OFFICER_ID', 'FETCH_PROGRESS_NOT_STARTED', 'UPDATE_PMARY_PROGRESS_FOUNDATION', 'UPDATE_PMARY_PROGRESS_LINTEL', 'UPDATE_PMARY_PROGRESS_ROOF', 'UPDATE_PMARY_PROGRESS_COMPLETED', 'UPDATE_USER_FOUNDATION_URL', 'UPDATE_USER_LINTEL_URL', 'UPDATE_USER_ROOF_URL', 'UPDATE_USER_COMPLETED_URL', 'UPDATE_USER_SANITATION_URL', 'FETCH_USERS_WITH_COMPLETEDVERF', 'Fetch the progress data for Karnataka districts in PMAY', 'Use PROGRESS_TOTAL to calculate progress', 'FETCH_TOTAL_BENEFICIARIES', 'FETCH_COMPLETED_HOMES', 'FETCH_UNSTARTED_PROJECTS', 'FETCH_ACTIVE_DISTRICTS', 'FETCH_PERFORMANCE_RANKING', 'FETCH_DISTINCT_DISTRICTS', 'FETCH_DISTRICT_COMPARISON']
[ 2024-11-22 07:55:32,852 ] 414 snowflake.connector.connection - INFO - Snowflake Connector for Python Version: 3.12.3, Python Version: 3.11.5, Platform: Windows-10-10.0.22631-SP0
[ 2024-11-22 07:55:32,853 ] 1197 snowflake.connector.connection - INFO - Connecting to GLOBAL Snowflake domain
[ 2024-11-22 07:55:32,853 ] 1278 snowflake.connector.connection - INFO - This connection is in OCSP Fail Open Mode. TLS Certificates would be checked for validity and revocation status. Any other Certificate Revocation related exceptions or OCSP Responder failures would be disregarded in favor of connectivity.
[ 2024-11-22 07:55:33,320 ] 42 utils.database - INFO - Connection to Snowflake established successfully.
[ 2024-11-22 07:55:33,391 ] 1166 snowflake.connector.cursor - INFO - Number of results in first chunk: 1
[ 2024-11-22 07:55:33,391 ] 61 utils.database - INFO - Query executed successfully: [(349164,)]
[ 2024-11-22 07:55:33,391 ] 789 snowflake.connector.connection - INFO - closed
[ 2024-11-22 07:55:33,410 ] 795 snowflake.connector.connection - INFO - No async queries seem to be running, deleting session
[ 2024-11-22 07:55:33,437 ] 414 snowflake.connector.connection - INFO - Snowflake Connector for Python Version: 3.12.3, Python Version: 3.11.5, Platform: Windows-10-10.0.22631-SP0
[ 2024-11-22 07:55:33,439 ] 1197 snowflake.connector.connection - INFO - Connecting to GLOBAL Snowflake domain
[ 2024-11-22 07:55:33,439 ] 1278 snowflake.connector.connection - INFO - This connection is in OCSP Fail Open Mode. TLS Certificates would be checked for validity and revocation status. Any other Certificate Revocation related exceptions or OCSP Responder failures would be disregarded in favor of connectivity.
[ 2024-11-22 07:55:33,831 ] 42 utils.database - INFO - Connection to Snowflake established successfully.
[ 2024-11-22 07:55:33,900 ] 1166 snowflake.connector.cursor - INFO - Number of results in first chunk: 1
[ 2024-11-22 07:55:33,901 ] 61 utils.database - INFO - Query executed successfully: [(36475,)]
[ 2024-11-22 07:55:33,901 ] 789 snowflake.connector.connection - INFO - closed
[ 2024-11-22 07:55:33,923 ] 795 snowflake.connector.connection - INFO - No async queries seem to be running, deleting session
[ 2024-11-22 07:55:33,966 ] 414 snowflake.connector.connection - INFO - Snowflake Connector for Python Version: 3.12.3, Python Version: 3.11.5, Platform: Windows-10-10.0.22631-SP0
[ 2024-11-22 07:55:33,966 ] 1197 snowflake.connector.connection - INFO - Connecting to GLOBAL Snowflake domain
[ 2024-11-22 07:55:33,966 ] 1278 snowflake.connector.connection - INFO - This connection is in OCSP Fail Open Mode. TLS Certificates would be checked for validity and revocation status. Any other Certificate Revocation related exceptions or OCSP Responder failures would be disregarded in favor of connectivity.
[ 2024-11-22 07:55:34,312 ] 42 utils.database - INFO - Connection to Snowflake established successfully.
[ 2024-11-22 07:55:34,374 ] 1166 snowflake.connector.cursor - INFO - Number of results in first chunk: 1
[ 2024-11-22 07:55:34,376 ] 61 utils.database - INFO - Query executed successfully: [(226446,)]
[ 2024-11-22 07:55:34,376 ] 789 snowflake.connector.connection - INFO - closed
[ 2024-11-22 07:55:34,434 ] 795 snowflake.connector.connection - INFO - No async queries seem to be running, deleting session
[ 2024-11-22 07:55:34,522 ] 414 snowflake.connector.connection - INFO - Snowflake Connector for Python Version: 3.12.3, Python Version: 3.11.5, Platform: Windows-10-10.0.22631-SP0
[ 2024-11-22 07:55:34,522 ] 1197 snowflake.connector.connection - INFO - Connecting to GLOBAL Snowflake domain
[ 2024-11-22 07:55:34,522 ] 1278 snowflake.connector.connection - INFO - This connection is in OCSP Fail Open Mode. TLS Certificates would be checked for validity and revocation status. Any other Certificate Revocation related exceptions or OCSP Responder failures would be disregarded in favor of connectivity.
[ 2024-11-22 07:55:35,050 ] 42 utils.database - INFO - Connection to Snowflake established successfully.
[ 2024-11-22 07:55:35,174 ] 1166 snowflake.connector.cursor - INFO - Number of results in first chunk: 1
[ 2024-11-22 07:55:35,174 ] 61 utils.database - INFO - Query executed successfully: [(28,)]
[ 2024-11-22 07:55:35,174 ] 789 snowflake.connector.connection - INFO - closed
[ 2024-11-22 07:55:35,289 ] 795 snowflake.connector.connection - INFO - No async queries seem to be running, deleting session
[ 2024-11-22 07:55:35,458 ] 414 snowflake.connector.connection - INFO - Snowflake Connector for Python Version: 3.12.3, Python Version: 3.11.5, Platform: Windows-10-10.0.22631-SP0
[ 2024-11-22 07:55:35,458 ] 1197 snowflake.connector.connection - INFO - Connecting to GLOBAL Snowflake domain
[ 2024-11-22 07:55:35,458 ] 1278 snowflake.connector.connection - INFO - This connection is in OCSP Fail Open Mode. TLS Certificates would be checked for validity and revocation status. Any other Certificate Revocation related exceptions or OCSP Responder failures would be disregarded in favor of connectivity.
[ 2024-11-22 07:55:35,957 ] 42 utils.database - INFO - Connection to Snowflake established successfully.
[ 2024-11-22 07:55:36,089 ] 1166 snowflake.connector.cursor - INFO - Number of results in first chunk: 31
[ 2024-11-22 07:55:36,090 ] 61 utils.database - INFO - Query executed successfully: [('Yadgiri', Decimal('58.578100')), ('Chamarajanagar', Decimal('47.272700')), ('Kolar', Decimal('46.924500')), ('Chikkaballapur', Decimal('38.203100')), ('Davanagere', Decimal('25.705300')), ('Bengaluru_Rural', Decimal('23.622000')), ('Raichur', Decimal('23.524600')), ('Vijayapura', Decimal('21.766400')), ('Ramanagara', Decimal('21.735300')), ('Gadag', Decimal('20.454500')), ('Tumakuru', Decimal('20.101900')), ('Ballari', Decimal('19.868800')), ('Kalaburagi', Decimal('18.483900')), ('Mandya', Decimal('16.073100')), ('Haveri', Decimal('15.447300')), ('Bidar', Decimal('11.416800')), ('Bagalkot', Decimal('11.082500')), ('Koppal', Decimal('10.816900')), ('Mysuru', Decimal('10.402700')), ('Chikkamagaluru', Decimal('10.122200')), ('Belagavi', Decimal('9.367700')), ('UttaraKannada', Decimal('8.454800')), ('Shivamogga', Decimal('6.467800')), ('Chitradurga', Decimal('4.547900')), ('Bengaluru_Urban', Decimal('4.098800')), ('Udupi', Decimal('3.478300')), ('Dharwad', Decimal('2.181700')), ('Hassan', Decimal('1.921200')), ('DakshinaKannada', Decimal('1.121200')), ('Kodagu', Decimal('0.000000')), ('Vijayanagara', Decimal('0.000000'))]
[ 2024-11-22 07:55:36,090 ] 789 snowflake.connector.connection - INFO - closed
[ 2024-11-22 07:55:36,114 ] 795 snowflake.connector.connection - INFO - No async queries seem to be running, deleting session
[ 2024-11-22 07:55:36,256 ] 414 snowflake.connector.connection - INFO - Snowflake Connector for Python Version: 3.12.3, Python Version: 3.11.5, Platform: Windows-10-10.0.22631-SP0
[ 2024-11-22 07:55:36,258 ] 1197 snowflake.connector.connection - INFO - Connecting to GLOBAL Snowflake domain
[ 2024-11-22 07:55:36,258 ] 1278 snowflake.connector.connection - INFO - This connection is in OCSP Fail Open Mode. TLS Certificates would be checked for validity and revocation status. Any other Certificate Revocation related exceptions or OCSP Responder failures would be disregarded in favor of connectivity.
[ 2024-11-22 07:55:36,910 ] 42 utils.database - INFO - Connection to Snowflake established successfully.
[ 2024-11-22 07:55:37,400 ] 1166 snowflake.connector.cursor - INFO - Number of results in first chunk: 31
[ 2024-11-22 07:55:37,401 ] 61 utils.database - INFO - Query executed successfully: [('Bagalkot',), ('Ballari',), ('Belagavi',), ('Bengaluru_Rural',), ('Bengaluru_Urban',), ('Bidar',), ('Chamarajanagar',), ('Chikkaballapur',), ('Chikkamagaluru',), ('Chitradurga',), ('DakshinaKannada',), ('Dharwad',), ('Hassan',), ('Kalaburagi',), ('Kodagu',), ('Kolar',), ('Mandya',), ('Mysuru',), ('Raichur',), ('Ramanagara',), ('Tumakuru',), ('Yadgiri',), ('Koppal',), ('Shivamogga',), ('UttaraKannada',), ('Vijayanagara',), ('Vijayapura',), ('Gadag',), ('Haveri',), ('Udupi',), ('Davanagere',)]
[ 2024-11-22 07:55:37,401 ] 789 snowflake.connector.connection - INFO - closed
[ 2024-11-22 07:55:37,811 ] 795 snowflake.connector.connection - INFO - No async queries seem to be running, deleting session
[ 2024-11-22 07:55:45,998 ] 414 snowflake.connector.connection - INFO - Snowflake Connector for Python Version: 3.12.3, Python Version: 3.11.5, Platform: Windows-10-10.0.22631-SP0
[ 2024-11-22 07:55:45,998 ] 1197 snowflake.connector.connection - INFO - Connecting to GLOBAL Snowflake domain
[ 2024-11-22 07:55:45,998 ] 1278 snowflake.connector.connection - INFO - This connection is in OCSP Fail Open Mode. TLS Certificates would be checked for validity and revocation status. Any other Certificate Revocation related exceptions or OCSP Responder failures would be disregarded in favor of connectivity.
[ 2024-11-22 07:55:46,694 ] 42 utils.database - INFO - Connection to Snowflake established successfully.
[ 2024-11-22 07:55:46,809 ] 1166 snowflake.connector.cursor - INFO - Number of results in first chunk: 1
[ 2024-11-22 07:55:46,809 ] 61 utils.database - INFO - Query executed successfully: [(349164,)]
[ 2024-11-22 07:55:46,809 ] 789 snowflake.connector.connection - INFO - closed
[ 2024-11-22 07:55:46,828 ] 795 snowflake.connector.connection - INFO - No async queries seem to be running, deleting session
[ 2024-11-22 07:55:46,860 ] 414 snowflake.connector.connection - INFO - Snowflake Connector for Python Version: 3.12.3, Python Version: 3.11.5, Platform: Windows-10-10.0.22631-SP0
[ 2024-11-22 07:55:46,860 ] 1197 snowflake.connector.connection - INFO - Connecting to GLOBAL Snowflake domain
[ 2024-11-22 07:55:46,860 ] 1278 snowflake.connector.connection - INFO - This connection is in OCSP Fail Open Mode. TLS Certificates would be checked for validity and revocation status. Any other Certificate Revocation related exceptions or OCSP Responder failures would be disregarded in favor of connectivity.
[ 2024-11-22 07:55:47,722 ] 42 utils.database - INFO - Connection to Snowflake established successfully.
[ 2024-11-22 07:55:47,800 ] 1166 snowflake.connector.cursor - INFO - Number of results in first chunk: 1
[ 2024-11-22 07:55:47,800 ] 61 utils.database - INFO - Query executed successfully: [(36475,)]
[ 2024-11-22 07:55:47,800 ] 789 snowflake.connector.connection - INFO - closed
[ 2024-11-22 07:55:47,927 ] 795 snowflake.connector.connection - INFO - No async queries seem to be running, deleting session
[ 2024-11-22 07:55:47,958 ] 414 snowflake.connector.connection - INFO - Snowflake Connector for Python Version: 3.12.3, Python Version: 3.11.5, Platform: Windows-10-10.0.22631-SP0
[ 2024-11-22 07:55:47,959 ] 1197 snowflake.connector.connection - INFO - Connecting to GLOBAL Snowflake domain
[ 2024-11-22 07:55:47,959 ] 1278 snowflake.connector.connection - INFO - This connection is in OCSP Fail Open Mode. TLS Certificates would be checked for validity and revocation status. Any other Certificate Revocation related exceptions or OCSP Responder failures would be disregarded in favor of connectivity.
[ 2024-11-22 07:55:48,606 ] 42 utils.database - INFO - Connection to Snowflake established successfully.
[ 2024-11-22 07:55:48,687 ] 1166 snowflake.connector.cursor - INFO - Number of results in first chunk: 1
[ 2024-11-22 07:55:48,687 ] 61 utils.database - INFO - Query executed successfully: [(226446,)]
[ 2024-11-22 07:55:48,687 ] 789 snowflake.connector.connection - INFO - closed
[ 2024-11-22 07:55:48,759 ] 795 snowflake.connector.connection - INFO - No async queries seem to be running, deleting session
[ 2024-11-22 07:55:48,829 ] 414 snowflake.connector.connection - INFO - Snowflake Connector for Python Version: 3.12.3, Python Version: 3.11.5, Platform: Windows-10-10.0.22631-SP0
[ 2024-11-22 07:55:48,829 ] 1197 snowflake.connector.connection - INFO - Connecting to GLOBAL Snowflake domain
[ 2024-11-22 07:55:48,829 ] 1278 snowflake.connector.connection - INFO - This connection is in OCSP Fail Open Mode. TLS Certificates would be checked for validity and revocation status. Any other Certificate Revocation related exceptions or OCSP Responder failures would be disregarded in favor of connectivity.
[ 2024-11-22 07:55:49,304 ] 414 snowflake.connector.connection - INFO - Snowflake Connector for Python Version: 3.12.3, Python Version: 3.11.5, Platform: Windows-10-10.0.22631-SP0
[ 2024-11-22 07:55:49,304 ] 1197 snowflake.connector.connection - INFO - Connecting to GLOBAL Snowflake domain
[ 2024-11-22 07:55:49,304 ] 1278 snowflake.connector.connection - INFO - This connection is in OCSP Fail Open Mode. TLS Certificates would be checked for validity and revocation status. Any other Certificate Revocation related exceptions or OCSP Responder failures would be disregarded in favor of connectivity.
[ 2024-11-22 07:55:49,489 ] 42 utils.database - INFO - Connection to Snowflake established successfully.
[ 2024-11-22 07:55:49,579 ] 1166 snowflake.connector.cursor - INFO - Number of results in first chunk: 1
[ 2024-11-22 07:55:49,579 ] 61 utils.database - INFO - Query executed successfully: [(28,)]
[ 2024-11-22 07:55:49,579 ] 789 snowflake.connector.connection - INFO - closed
[ 2024-11-22 07:55:49,651 ] 795 snowflake.connector.connection - INFO - No async queries seem to be running, deleting session
[ 2024-11-22 07:55:50,272 ] 42 utils.database - INFO - Connection to Snowflake established successfully.
[ 2024-11-22 07:55:50,421 ] 1166 snowflake.connector.cursor - INFO - Number of results in first chunk: 1
[ 2024-11-22 07:55:50,421 ] 61 utils.database - INFO - Query executed successfully: [(349164,)]
[ 2024-11-22 07:55:50,421 ] 789 snowflake.connector.connection - INFO - closed
[ 2024-11-22 07:55:50,444 ] 795 snowflake.connector.connection - INFO - No async queries seem to be running, deleting session
[ 2024-11-22 07:55:50,580 ] 414 snowflake.connector.connection - INFO - Snowflake Connector for Python Version: 3.12.3, Python Version: 3.11.5, Platform: Windows-10-10.0.22631-SP0
[ 2024-11-22 07:55:50,581 ] 1197 snowflake.connector.connection - INFO - Connecting to GLOBAL Snowflake domain
[ 2024-11-22 07:55:50,581 ] 1278 snowflake.connector.connection - INFO - This connection is in OCSP Fail Open Mode. TLS Certificates would be checked for validity and revocation status. Any other Certificate Revocation related exceptions or OCSP Responder failures would be disregarded in favor of connectivity.
[ 2024-11-22 07:55:51,311 ] 42 utils.database - INFO - Connection to Snowflake established successfully.
[ 2024-11-22 07:55:51,381 ] 1166 snowflake.connector.cursor - INFO - Number of results in first chunk: 1
[ 2024-11-22 07:55:51,382 ] 61 utils.database - INFO - Query executed successfully: [(36475,)]
[ 2024-11-22 07:55:51,382 ] 789 snowflake.connector.connection - INFO - closed
[ 2024-11-22 07:55:51,402 ] 795 snowflake.connector.connection - INFO - No async queries seem to be running, deleting session
[ 2024-11-22 07:55:51,468 ] 414 snowflake.connector.connection - INFO - Snowflake Connector for Python Version: 3.12.3, Python Version: 3.11.5, Platform: Windows-10-10.0.22631-SP0
[ 2024-11-22 07:55:51,468 ] 1197 snowflake.connector.connection - INFO - Connecting to GLOBAL Snowflake domain
[ 2024-11-22 07:55:51,468 ] 1278 snowflake.connector.connection - INFO - This connection is in OCSP Fail Open Mode. TLS Certificates would be checked for validity and revocation status. Any other Certificate Revocation related exceptions or OCSP Responder failures would be disregarded in favor of connectivity.
[ 2024-11-22 07:55:52,220 ] 42 utils.database - INFO - Connection to Snowflake established successfully.
[ 2024-11-22 07:55:52,378 ] 1166 snowflake.connector.cursor - INFO - Number of results in first chunk: 1
[ 2024-11-22 07:55:52,378 ] 61 utils.database - INFO - Query executed successfully: [(226446,)]
[ 2024-11-22 07:55:52,378 ] 789 snowflake.connector.connection - INFO - closed
[ 2024-11-22 07:55:52,399 ] 795 snowflake.connector.connection - INFO - No async queries seem to be running, deleting session
[ 2024-11-22 07:55:52,447 ] 414 snowflake.connector.connection - INFO - Snowflake Connector for Python Version: 3.12.3, Python Version: 3.11.5, Platform: Windows-10-10.0.22631-SP0
[ 2024-11-22 07:55:52,447 ] 1197 snowflake.connector.connection - INFO - Connecting to GLOBAL Snowflake domain
[ 2024-11-22 07:55:52,448 ] 1278 snowflake.connector.connection - INFO - This connection is in OCSP Fail Open Mode. TLS Certificates would be checked for validity and revocation status. Any other Certificate Revocation related exceptions or OCSP Responder failures would be disregarded in favor of connectivity.
[ 2024-11-22 07:55:53,069 ] 42 utils.database - INFO - Connection to Snowflake established successfully.
[ 2024-11-22 07:55:53,207 ] 1166 snowflake.connector.cursor - INFO - Number of results in first chunk: 1
[ 2024-11-22 07:55:53,208 ] 61 utils.database - INFO - Query executed successfully: [(28,)]
[ 2024-11-22 07:55:53,208 ] 789 snowflake.connector.connection - INFO - closed
[ 2024-11-22 07:55:53,229 ] 795 snowflake.connector.connection - INFO - No async queries seem to be running, deleting session
[ 2024-11-22 07:55:53,368 ] 414 snowflake.connector.connection - INFO - Snowflake Connector for Python Version: 3.12.3, Python Version: 3.11.5, Platform: Windows-10-10.0.22631-SP0
[ 2024-11-22 07:55:53,370 ] 1197 snowflake.connector.connection - INFO - Connecting to GLOBAL Snowflake domain
[ 2024-11-22 07:55:53,370 ] 1278 snowflake.connector.connection - INFO - This connection is in OCSP Fail Open Mode. TLS Certificates would be checked for validity and revocation status. Any other Certificate Revocation related exceptions or OCSP Responder failures would be disregarded in favor of connectivity.
[ 2024-11-22 07:55:54,506 ] 42 utils.database - INFO - Connection to Snowflake established successfully.
[ 2024-11-22 07:55:54,681 ] 1166 snowflake.connector.cursor - INFO - Number of results in first chunk: 31
[ 2024-11-22 07:55:54,681 ] 61 utils.database - INFO - Query executed successfully: [('Yadgiri', Decimal('58.578100')), ('Chamarajanagar', Decimal('47.272700')), ('Kolar', Decimal('46.924500')), ('Chikkaballapur', Decimal('38.203100')), ('Davanagere', Decimal('25.705300')), ('Bengaluru_Rural', Decimal('23.622000')), ('Raichur', Decimal('23.524600')), ('Vijayapura', Decimal('21.766400')), ('Ramanagara', Decimal('21.735300')), ('Gadag', Decimal('20.454500')), ('Tumakuru', Decimal('20.101900')), ('Ballari', Decimal('19.868800')), ('Kalaburagi', Decimal('18.483900')), ('Mandya', Decimal('16.073100')), ('Haveri', Decimal('15.447300')), ('Bidar', Decimal('11.416800')), ('Bagalkot', Decimal('11.082500')), ('Koppal', Decimal('10.816900')), ('Mysuru', Decimal('10.402700')), ('Chikkamagaluru', Decimal('10.122200')), ('Belagavi', Decimal('9.367700')), ('UttaraKannada', Decimal('8.454800')), ('Shivamogga', Decimal('6.467800')), ('Chitradurga', Decimal('4.547900')), ('Bengaluru_Urban', Decimal('4.098800')), ('Udupi', Decimal('3.478300')), ('Dharwad', Decimal('2.181700')), ('Hassan', Decimal('1.921200')), ('DakshinaKannada', Decimal('1.121200')), ('Kodagu', Decimal('0.000000')), ('Vijayanagara', Decimal('0.000000'))]
[ 2024-11-22 07:55:54,683 ] 789 snowflake.connector.connection - INFO - closed
[ 2024-11-22 07:55:54,706 ] 795 snowflake.connector.connection - INFO - No async queries seem to be running, deleting session
[ 2024-11-22 07:55:54,759 ] 414 snowflake.connector.connection - INFO - Snowflake Connector for Python Version: 3.12.3, Python Version: 3.11.5, Platform: Windows-10-10.0.22631-SP0
[ 2024-11-22 07:55:54,760 ] 1197 snowflake.connector.connection - INFO - Connecting to GLOBAL Snowflake domain
[ 2024-11-22 07:55:54,760 ] 1278 snowflake.connector.connection - INFO - This connection is in OCSP Fail Open Mode. TLS Certificates would be checked for validity and revocation status. Any other Certificate Revocation related exceptions or OCSP Responder failures would be disregarded in favor of connectivity.
[ 2024-11-22 07:55:55,628 ] 42 utils.database - INFO - Connection to Snowflake established successfully.
[ 2024-11-22 07:55:55,768 ] 1166 snowflake.connector.cursor - INFO - Number of results in first chunk: 31
[ 2024-11-22 07:55:55,768 ] 61 utils.database - INFO - Query executed successfully: [('Bagalkot',), ('Ballari',), ('Belagavi',), ('Bengaluru_Rural',), ('Bengaluru_Urban',), ('Bidar',), ('Chamarajanagar',), ('Chikkaballapur',), ('Chikkamagaluru',), ('Chitradurga',), ('DakshinaKannada',), ('Dharwad',), ('Hassan',), ('Kalaburagi',), ('Kodagu',), ('Kolar',), ('Mandya',), ('Mysuru',), ('Raichur',), ('Ramanagara',), ('Tumakuru',), ('Yadgiri',), ('Koppal',), ('Shivamogga',), ('UttaraKannada',), ('Vijayanagara',), ('Vijayapura',), ('Gadag',), ('Haveri',), ('Udupi',), ('Davanagere',)]
[ 2024-11-22 07:55:55,769 ] 789 snowflake.connector.connection - INFO - closed
[ 2024-11-22 07:55:55,846 ] 795 snowflake.connector.connection - INFO - No async queries seem to be running, deleting session
[ 2024-11-22 07:55:55,874 ] 414 snowflake.connector.connection - INFO - Snowflake Connector for Python Version: 3.12.3, Python Version: 3.11.5, Platform: Windows-10-10.0.22631-SP0
[ 2024-11-22 07:55:55,876 ] 1197 snowflake.connector.connection - INFO - Connecting to GLOBAL Snowflake domain
[ 2024-11-22 07:55:55,876 ] 1278 snowflake.connector.connection - INFO - This connection is in OCSP Fail Open Mode. TLS Certificates would be checked for validity and revocation status. Any other Certificate Revocation related exceptions or OCSP Responder failures would be disregarded in favor of connectivity.
[ 2024-11-22 07:55:56,654 ] 42 utils.database - INFO - Connection to Snowflake established successfully.
[ 2024-11-22 07:55:56,810 ] 1166 snowflake.connector.cursor - INFO - Number of results in first chunk: 2
[ 2024-11-22 07:55:56,810 ] 61 utils.database - INFO - Query executed successfully: [('Bengaluru_Rural', 0, 72, 38, 390), ('Bengaluru_Urban', 42635, 604, 7304, 5557)]
[ 2024-11-22 07:55:56,812 ] 789 snowflake.connector.connection - INFO - closed
[ 2024-11-22 07:55:56,835 ] 795 snowflake.connector.connection - INFO - No async queries seem to be running, deleting session
[ 2024-11-22 08:22:32,295 ] 21 logger - INFO - Logger is working correctly!
[ 2024-11-22 08:22:32,296 ] 22 utils.database - INFO - Queries loaded successfully: ['INSERT_USER_APPLICATION', 'FETCH_USERID_QUERY', 'UPDATE_USER_PROJECT_PROGRESS', 'FETCH_PENDING_APPLICATIONS', 'UPDATE_USER_STATUS', 'UPDATE_PMAY_DATA', 'UPDATE_USER_OFFICER_ID', 'FETCH_PROGRESS_NOT_STARTED', 'UPDATE_PMARY_PROGRESS_FOUNDATION', 'UPDATE_PMARY_PROGRESS_LINTEL', 'UPDATE_PMARY_PROGRESS_ROOF', 'UPDATE_PMARY_PROGRESS_COMPLETED', 'UPDATE_USER_FOUNDATION_URL', 'UPDATE_USER_LINTEL_URL', 'UPDATE_USER_ROOF_URL', 'UPDATE_USER_COMPLETED_URL', 'UPDATE_USER_SANITATION_URL', 'FETCH_USERS_WITH_COMPLETEDVERF', 'Fetch the progress data for Karnataka districts in PMAY', 'Use PROGRESS_TOTAL to calculate progress', 'FETCH_TOTAL_BENEFICIARIES', 'FETCH_COMPLETED_HOMES', 'FETCH_UNSTARTED_PROJECTS', 'FETCH_ACTIVE_DISTRICTS', 'FETCH_PERFORMANCE_RANKING', 'FETCH_DISTINCT_DISTRICTS', 'FETCH_DISTRICT_COMPARISON']
[ 2024-11-22 08:30:03,119 ] 414 snowflake.connector.connection - INFO - Snowflake Connector for Python Version: 3.12.3, Python Version: 3.11.5, Platform: Windows-10-10.0.22631-SP0
[ 2024-11-22 08:30:03,119 ] 1197 snowflake.connector.connection - INFO - Connecting to GLOBAL Snowflake domain
[ 2024-11-22 08:30:03,120 ] 1278 snowflake.connector.connection - INFO - This connection is in OCSP Fail Open Mode. TLS Certificates would be checked for validity and revocation status. Any other Certificate Revocation related exceptions or OCSP Responder failures would be disregarded in favor of connectivity.
[ 2024-11-22 08:30:05,158 ] 42 utils.database - INFO - Connection to Snowflake established successfully.
[ 2024-11-22 08:30:05,473 ] 1166 snowflake.connector.cursor - INFO - Number of results in first chunk: 1
[ 2024-11-22 08:30:05,474 ] 61 utils.database - INFO - Query executed successfully: [(349164,)]
[ 2024-11-22 08:30:05,474 ] 789 snowflake.connector.connection - INFO - closed
[ 2024-11-22 08:30:05,716 ] 795 snowflake.connector.connection - INFO - No async queries seem to be running, deleting session
[ 2024-11-22 08:30:05,802 ] 414 snowflake.connector.connection - INFO - Snowflake Connector for Python Version: 3.12.3, Python Version: 3.11.5, Platform: Windows-10-10.0.22631-SP0
[ 2024-11-22 08:30:05,802 ] 1197 snowflake.connector.connection - INFO - Connecting to GLOBAL Snowflake domain
[ 2024-11-22 08:30:05,803 ] 1278 snowflake.connector.connection - INFO - This connection is in OCSP Fail Open Mode. TLS Certificates would be checked for validity and revocation status. Any other Certificate Revocation related exceptions or OCSP Responder failures would be disregarded in favor of connectivity.
[ 2024-11-22 08:30:06,808 ] 42 utils.database - INFO - Connection to Snowflake established successfully.
[ 2024-11-22 08:30:06,920 ] 1166 snowflake.connector.cursor - INFO - Number of results in first chunk: 1
[ 2024-11-22 08:30:06,921 ] 61 utils.database - INFO - Query executed successfully: [(36475,)]
[ 2024-11-22 08:30:06,921 ] 789 snowflake.connector.connection - INFO - closed
[ 2024-11-22 08:30:07,033 ] 795 snowflake.connector.connection - INFO - No async queries seem to be running, deleting session
[ 2024-11-22 08:30:07,366 ] 414 snowflake.connector.connection - INFO - Snowflake Connector for Python Version: 3.12.3, Python Version: 3.11.5, Platform: Windows-10-10.0.22631-SP0
[ 2024-11-22 08:30:07,367 ] 1197 snowflake.connector.connection - INFO - Connecting to GLOBAL Snowflake domain
[ 2024-11-22 08:30:07,367 ] 1278 snowflake.connector.connection - INFO - This connection is in OCSP Fail Open Mode. TLS Certificates would be checked for validity and revocation status. Any other Certificate Revocation related exceptions or OCSP Responder failures would be disregarded in favor of connectivity.
[ 2024-11-22 08:30:08,199 ] 42 utils.database - INFO - Connection to Snowflake established successfully.
[ 2024-11-22 08:30:08,855 ] 1166 snowflake.connector.cursor - INFO - Number of results in first chunk: 1
[ 2024-11-22 08:30:08,856 ] 61 utils.database - INFO - Query executed successfully: [(226446,)]
[ 2024-11-22 08:30:08,856 ] 789 snowflake.connector.connection - INFO - closed
[ 2024-11-22 08:30:08,879 ] 795 snowflake.connector.connection - INFO - No async queries seem to be running, deleting session
[ 2024-11-22 08:30:09,095 ] 414 snowflake.connector.connection - INFO - Snowflake Connector for Python Version: 3.12.3, Python Version: 3.11.5, Platform: Windows-10-10.0.22631-SP0
[ 2024-11-22 08:30:09,096 ] 1197 snowflake.connector.connection - INFO - Connecting to GLOBAL Snowflake domain
[ 2024-11-22 08:30:09,096 ] 1278 snowflake.connector.connection - INFO - This connection is in OCSP Fail Open Mode. TLS Certificates would be checked for validity and revocation status. Any other Certificate Revocation related exceptions or OCSP Responder failures would be disregarded in favor of connectivity.
[ 2024-11-22 08:30:10,602 ] 42 utils.database - INFO - Connection to Snowflake established successfully.
[ 2024-11-22 08:30:10,698 ] 1166 snowflake.connector.cursor - INFO - Number of results in first chunk: 1
[ 2024-11-22 08:30:10,698 ] 61 utils.database - INFO - Query executed successfully: [(28,)]
[ 2024-11-22 08:30:10,698 ] 789 snowflake.connector.connection - INFO - closed
[ 2024-11-22 08:30:10,838 ] 795 snowflake.connector.connection - INFO - No async queries seem to be running, deleting session
[ 2024-11-22 08:30:10,886 ] 414 snowflake.connector.connection - INFO - Snowflake Connector for Python Version: 3.12.3, Python Version: 3.11.5, Platform: Windows-10-10.0.22631-SP0
[ 2024-11-22 08:30:10,887 ] 1197 snowflake.connector.connection - INFO - Connecting to GLOBAL Snowflake domain
[ 2024-11-22 08:30:10,887 ] 1278 snowflake.connector.connection - INFO - This connection is in OCSP Fail Open Mode. TLS Certificates would be checked for validity and revocation status. Any other Certificate Revocation related exceptions or OCSP Responder failures would be disregarded in favor of connectivity.
[ 2024-11-22 08:30:12,825 ] 42 utils.database - INFO - Connection to Snowflake established successfully.
[ 2024-11-22 08:30:13,542 ] 1166 snowflake.connector.cursor - INFO - Number of results in first chunk: 31
[ 2024-11-22 08:30:13,543 ] 61 utils.database - INFO - Query executed successfully: [('Yadgiri', Decimal('58.578100')), ('Chamarajanagar', Decimal('47.272700')), ('Kolar', Decimal('46.924500')), ('Chikkaballapur', Decimal('38.203100')), ('Davanagere', Decimal('25.705300')), ('Bengaluru_Rural', Decimal('23.622000')), ('Raichur', Decimal('23.524600')), ('Vijayapura', Decimal('21.766400')), ('Ramanagara', Decimal('21.735300')), ('Gadag', Decimal('20.454500')), ('Tumakuru', Decimal('20.101900')), ('Ballari', Decimal('19.868800')), ('Kalaburagi', Decimal('18.483900')), ('Mandya', Decimal('16.073100')), ('Haveri', Decimal('15.447300')), ('Bidar', Decimal('11.416800')), ('Bagalkot', Decimal('11.082500')), ('Koppal', Decimal('10.816900')), ('Mysuru', Decimal('10.402700')), ('Chikkamagaluru', Decimal('10.122200')), ('Belagavi', Decimal('9.367700')), ('UttaraKannada', Decimal('8.454800')), ('Shivamogga', Decimal('6.467800')), ('Chitradurga', Decimal('4.547900')), ('Bengaluru_Urban', Decimal('4.098800')), ('Udupi', Decimal('3.478300')), ('Dharwad', Decimal('2.181700')), ('Hassan', Decimal('1.921200')), ('DakshinaKannada', Decimal('1.121200')), ('Kodagu', Decimal('0.000000')), ('Vijayanagara', Decimal('0.000000'))]
[ 2024-11-22 08:30:13,543 ] 789 snowflake.connector.connection - INFO - closed
[ 2024-11-22 08:30:13,616 ] 795 snowflake.connector.connection - INFO - No async queries seem to be running, deleting session
[ 2024-11-22 08:30:13,897 ] 414 snowflake.connector.connection - INFO - Snowflake Connector for Python Version: 3.12.3, Python Version: 3.11.5, Platform: Windows-10-10.0.22631-SP0
[ 2024-11-22 08:30:13,899 ] 1197 snowflake.connector.connection - INFO - Connecting to GLOBAL Snowflake domain
[ 2024-11-22 08:30:13,899 ] 1278 snowflake.connector.connection - INFO - This connection is in OCSP Fail Open Mode. TLS Certificates would be checked for validity and revocation status. Any other Certificate Revocation related exceptions or OCSP Responder failures would be disregarded in favor of connectivity.
[ 2024-11-22 08:30:14,793 ] 42 utils.database - INFO - Connection to Snowflake established successfully.
[ 2024-11-22 08:30:14,852 ] 1166 snowflake.connector.cursor - INFO - Number of results in first chunk: 31
[ 2024-11-22 08:30:14,853 ] 61 utils.database - INFO - Query executed successfully: [('Bagalkot',), ('Ballari',), ('Belagavi',), ('Bengaluru_Rural',), ('Bengaluru_Urban',), ('Bidar',), ('Chamarajanagar',), ('Chikkaballapur',), ('Chikkamagaluru',), ('Chitradurga',), ('DakshinaKannada',), ('Dharwad',), ('Hassan',), ('Kalaburagi',), ('Kodagu',), ('Kolar',), ('Mandya',), ('Mysuru',), ('Raichur',), ('Ramanagara',), ('Tumakuru',), ('Yadgiri',), ('Koppal',), ('Shivamogga',), ('UttaraKannada',), ('Vijayanagara',), ('Vijayapura',), ('Gadag',), ('Haveri',), ('Udupi',), ('Davanagere',)]
[ 2024-11-22 08:30:14,853 ] 789 snowflake.connector.connection - INFO - closed
[ 2024-11-22 08:30:14,932 ] 795 snowflake.connector.connection - INFO - No async queries seem to be running, deleting session
[ 2024-11-22 09:02:11,127 ] 414 snowflake.connector.connection - INFO - Snowflake Connector for Python Version: 3.12.3, Python Version: 3.11.5, Platform: Windows-10-10.0.22631-SP0
[ 2024-11-22 09:02:11,127 ] 1197 snowflake.connector.connection - INFO - Connecting to GLOBAL Snowflake domain
[ 2024-11-22 09:02:11,128 ] 1278 snowflake.connector.connection - INFO - This connection is in OCSP Fail Open Mode. TLS Certificates would be checked for validity and revocation status. Any other Certificate Revocation related exceptions or OCSP Responder failures would be disregarded in favor of connectivity.
[ 2024-11-22 09:02:11,914 ] 42 utils.database - INFO - Connection to Snowflake established successfully.
[ 2024-11-22 09:02:12,047 ] 1166 snowflake.connector.cursor - INFO - Number of results in first chunk: 1
[ 2024-11-22 09:02:12,049 ] 61 utils.database - INFO - Query executed successfully: [(349164,)]
[ 2024-11-22 09:02:12,049 ] 789 snowflake.connector.connection - INFO - closed
[ 2024-11-22 09:02:12,198 ] 795 snowflake.connector.connection - INFO - No async queries seem to be running, deleting session
[ 2024-11-22 09:02:12,225 ] 414 snowflake.connector.connection - INFO - Snowflake Connector for Python Version: 3.12.3, Python Version: 3.11.5, Platform: Windows-10-10.0.22631-SP0
[ 2024-11-22 09:02:12,225 ] 1197 snowflake.connector.connection - INFO - Connecting to GLOBAL Snowflake domain
[ 2024-11-22 09:02:12,225 ] 1278 snowflake.connector.connection - INFO - This connection is in OCSP Fail Open Mode. TLS Certificates would be checked for validity and revocation status. Any other Certificate Revocation related exceptions or OCSP Responder failures would be disregarded in favor of connectivity.
[ 2024-11-22 09:02:13,079 ] 42 utils.database - INFO - Connection to Snowflake established successfully.
[ 2024-11-22 09:02:13,283 ] 1166 snowflake.connector.cursor - INFO - Number of results in first chunk: 1
[ 2024-11-22 09:02:13,283 ] 61 utils.database - INFO - Query executed successfully: [(36475,)]
[ 2024-11-22 09:02:13,284 ] 789 snowflake.connector.connection - INFO - closed
[ 2024-11-22 09:02:13,300 ] 795 snowflake.connector.connection - INFO - No async queries seem to be running, deleting session
[ 2024-11-22 09:02:13,368 ] 414 snowflake.connector.connection - INFO - Snowflake Connector for Python Version: 3.12.3, Python Version: 3.11.5, Platform: Windows-10-10.0.22631-SP0
[ 2024-11-22 09:02:13,369 ] 1197 snowflake.connector.connection - INFO - Connecting to GLOBAL Snowflake domain
[ 2024-11-22 09:02:13,369 ] 1278 snowflake.connector.connection - INFO - This connection is in OCSP Fail Open Mode. TLS Certificates would be checked for validity and revocation status. Any other Certificate Revocation related exceptions or OCSP Responder failures would be disregarded in favor of connectivity.
[ 2024-11-22 09:02:14,461 ] 42 utils.database - INFO - Connection to Snowflake established successfully.
[ 2024-11-22 09:02:14,601 ] 1166 snowflake.connector.cursor - INFO - Number of results in first chunk: 1
[ 2024-11-22 09:02:14,601 ] 61 utils.database - INFO - Query executed successfully: [(226446,)]
[ 2024-11-22 09:02:14,601 ] 789 snowflake.connector.connection - INFO - closed
[ 2024-11-22 09:02:14,621 ] 795 snowflake.connector.connection - INFO - No async queries seem to be running, deleting session
[ 2024-11-22 09:02:14,684 ] 414 snowflake.connector.connection - INFO - Snowflake Connector for Python Version: 3.12.3, Python Version: 3.11.5, Platform: Windows-10-10.0.22631-SP0
[ 2024-11-22 09:02:14,685 ] 1197 snowflake.connector.connection - INFO - Connecting to GLOBAL Snowflake domain
[ 2024-11-22 09:02:14,685 ] 1278 snowflake.connector.connection - INFO - This connection is in OCSP Fail Open Mode. TLS Certificates would be checked for validity and revocation status. Any other Certificate Revocation related exceptions or OCSP Responder failures would be disregarded in favor of connectivity.
[ 2024-11-22 09:02:15,426 ] 42 utils.database - INFO - Connection to Snowflake established successfully.
[ 2024-11-22 09:02:15,514 ] 1166 snowflake.connector.cursor - INFO - Number of results in first chunk: 1
[ 2024-11-22 09:02:15,515 ] 61 utils.database - INFO - Query executed successfully: [(28,)]
[ 2024-11-22 09:02:15,515 ] 789 snowflake.connector.connection - INFO - closed
[ 2024-11-22 09:02:15,537 ] 795 snowflake.connector.connection - INFO - No async queries seem to be running, deleting session
[ 2024-11-22 09:02:15,596 ] 414 snowflake.connector.connection - INFO - Snowflake Connector for Python Version: 3.12.3, Python Version: 3.11.5, Platform: Windows-10-10.0.22631-SP0
[ 2024-11-22 09:02:15,597 ] 1197 snowflake.connector.connection - INFO - Connecting to GLOBAL Snowflake domain
[ 2024-11-22 09:02:15,597 ] 1278 snowflake.connector.connection - INFO - This connection is in OCSP Fail Open Mode. TLS Certificates would be checked for validity and revocation status. Any other Certificate Revocation related exceptions or OCSP Responder failures would be disregarded in favor of connectivity.
[ 2024-11-22 09:02:16,335 ] 42 utils.database - INFO - Connection to Snowflake established successfully.
[ 2024-11-22 09:02:16,410 ] 1166 snowflake.connector.cursor - INFO - Number of results in first chunk: 31
[ 2024-11-22 09:02:16,411 ] 61 utils.database - INFO - Query executed successfully: [('Yadgiri', Decimal('58.578100')), ('Chamarajanagar', Decimal('47.272700')), ('Kolar', Decimal('46.924500')), ('Chikkaballapur', Decimal('38.203100')), ('Davanagere', Decimal('25.705300')), ('Bengaluru_Rural', Decimal('23.622000')), ('Raichur', Decimal('23.524600')), ('Vijayapura', Decimal('21.766400')), ('Ramanagara', Decimal('21.735300')), ('Gadag', Decimal('20.454500')), ('Tumakuru', Decimal('20.101900')), ('Ballari', Decimal('19.868800')), ('Kalaburagi', Decimal('18.483900')), ('Mandya', Decimal('16.073100')), ('Haveri', Decimal('15.447300')), ('Bidar', Decimal('11.416800')), ('Bagalkot', Decimal('11.082500')), ('Koppal', Decimal('10.816900')), ('Mysuru', Decimal('10.402700')), ('Chikkamagaluru', Decimal('10.122200')), ('Belagavi', Decimal('9.367700')), ('UttaraKannada', Decimal('8.454800')), ('Shivamogga', Decimal('6.467800')), ('Chitradurga', Decimal('4.547900')), ('Bengaluru_Urban', Decimal('4.098800')), ('Udupi', Decimal('3.478300')), ('Dharwad', Decimal('2.181700')), ('Hassan', Decimal('1.921200')), ('DakshinaKannada', Decimal('1.121200')), ('Kodagu', Decimal('0.000000')), ('Vijayanagara', Decimal('0.000000'))]
[ 2024-11-22 09:02:16,411 ] 789 snowflake.connector.connection - INFO - closed
[ 2024-11-22 09:02:16,512 ] 795 snowflake.connector.connection - INFO - No async queries seem to be running, deleting session
[ 2024-11-22 09:02:16,594 ] 414 snowflake.connector.connection - INFO - Snowflake Connector for Python Version: 3.12.3, Python Version: 3.11.5, Platform: Windows-10-10.0.22631-SP0
[ 2024-11-22 09:02:16,595 ] 1197 snowflake.connector.connection - INFO - Connecting to GLOBAL Snowflake domain
[ 2024-11-22 09:02:16,595 ] 1278 snowflake.connector.connection - INFO - This connection is in OCSP Fail Open Mode. TLS Certificates would be checked for validity and revocation status. Any other Certificate Revocation related exceptions or OCSP Responder failures would be disregarded in favor of connectivity.
[ 2024-11-22 09:02:17,270 ] 42 utils.database - INFO - Connection to Snowflake established successfully.
[ 2024-11-22 09:02:17,326 ] 1166 snowflake.connector.cursor - INFO - Number of results in first chunk: 31
[ 2024-11-22 09:02:17,326 ] 61 utils.database - INFO - Query executed successfully: [('Bagalkot',), ('Ballari',), ('Belagavi',), ('Bengaluru_Rural',), ('Bengaluru_Urban',), ('Bidar',), ('Chamarajanagar',), ('Chikkaballapur',), ('Chikkamagaluru',), ('Chitradurga',), ('DakshinaKannada',), ('Dharwad',), ('Hassan',), ('Kalaburagi',), ('Kodagu',), ('Kolar',), ('Mandya',), ('Mysuru',), ('Raichur',), ('Ramanagara',), ('Tumakuru',), ('Yadgiri',), ('Koppal',), ('Shivamogga',), ('UttaraKannada',), ('Vijayanagara',), ('Vijayapura',), ('Gadag',), ('Haveri',), ('Udupi',), ('Davanagere',)]
[ 2024-11-22 09:02:17,326 ] 789 snowflake.connector.connection - INFO - closed
[ 2024-11-22 09:02:17,408 ] 795 snowflake.connector.connection - INFO - No async queries seem to be running, deleting session
[ 2024-11-22 09:04:36,880 ] 21 logger - INFO - Logger is working correctly!
[ 2024-11-22 09:04:36,881 ] 22 utils.database - INFO - Queries loaded successfully: ['INSERT_USER_APPLICATION', 'FETCH_USERID_QUERY', 'UPDATE_USER_PROJECT_PROGRESS', 'FETCH_PENDING_APPLICATIONS', 'UPDATE_USER_STATUS', 'UPDATE_PMAY_DATA', 'UPDATE_USER_OFFICER_ID', 'FETCH_PROGRESS_NOT_STARTED', 'UPDATE_PMARY_PROGRESS_FOUNDATION', 'UPDATE_PMARY_PROGRESS_LINTEL', 'UPDATE_PMARY_PROGRESS_ROOF', 'UPDATE_PMARY_PROGRESS_COMPLETED', 'UPDATE_USER_FOUNDATION_URL', 'UPDATE_USER_LINTEL_URL', 'UPDATE_USER_ROOF_URL', 'UPDATE_USER_COMPLETED_URL', 'UPDATE_USER_SANITATION_URL', 'FETCH_USERS_WITH_COMPLETEDVERF', 'Fetch the progress data for Karnataka districts in PMAY', 'Use PROGRESS_TOTAL to calculate progress', 'FETCH_TOTAL_BENEFICIARIES', 'FETCH_COMPLETED_HOMES', 'FETCH_UNSTARTED_PROJECTS', 'FETCH_ACTIVE_DISTRICTS', 'FETCH_PERFORMANCE_RANKING', 'FETCH_DISTINCT_DISTRICTS', 'FETCH_DISTRICT_COMPARISON']
[ 2024-11-22 09:04:36,901 ] 414 snowflake.connector.connection - INFO - Snowflake Connector for Python Version: 3.12.3, Python Version: 3.11.5, Platform: Windows-10-10.0.22631-SP0
[ 2024-11-22 09:04:36,901 ] 1197 snowflake.connector.connection - INFO - Connecting to GLOBAL Snowflake domain
[ 2024-11-22 09:04:36,902 ] 1278 snowflake.connector.connection - INFO - This connection is in OCSP Fail Open Mode. TLS Certificates would be checked for validity and revocation status. Any other Certificate Revocation related exceptions or OCSP Responder failures would be disregarded in favor of connectivity.
[ 2024-11-22 09:04:37,328 ] 42 utils.database - INFO - Connection to Snowflake established successfully.
[ 2024-11-22 09:04:37,412 ] 1166 snowflake.connector.cursor - INFO - Number of results in first chunk: 1
[ 2024-11-22 09:04:37,412 ] 61 utils.database - INFO - Query executed successfully: [(349164,)]
[ 2024-11-22 09:04:37,412 ] 789 snowflake.connector.connection - INFO - closed
[ 2024-11-22 09:04:37,507 ] 795 snowflake.connector.connection - INFO - No async queries seem to be running, deleting session
[ 2024-11-22 09:04:37,537 ] 414 snowflake.connector.connection - INFO - Snowflake Connector for Python Version: 3.12.3, Python Version: 3.11.5, Platform: Windows-10-10.0.22631-SP0
[ 2024-11-22 09:04:37,538 ] 1197 snowflake.connector.connection - INFO - Connecting to GLOBAL Snowflake domain
[ 2024-11-22 09:04:37,538 ] 1278 snowflake.connector.connection - INFO - This connection is in OCSP Fail Open Mode. TLS Certificates would be checked for validity and revocation status. Any other Certificate Revocation related exceptions or OCSP Responder failures would be disregarded in favor of connectivity.
[ 2024-11-22 09:04:38,169 ] 42 utils.database - INFO - Connection to Snowflake established successfully.
[ 2024-11-22 09:04:38,216 ] 1166 snowflake.connector.cursor - INFO - Number of results in first chunk: 1
[ 2024-11-22 09:04:38,217 ] 61 utils.database - INFO - Query executed successfully: [(36475,)]
[ 2024-11-22 09:04:38,217 ] 789 snowflake.connector.connection - INFO - closed
[ 2024-11-22 09:04:38,244 ] 795 snowflake.connector.connection - INFO - No async queries seem to be running, deleting session
[ 2024-11-22 09:04:38,273 ] 414 snowflake.connector.connection - INFO - Snowflake Connector for Python Version: 3.12.3, Python Version: 3.11.5, Platform: Windows-10-10.0.22631-SP0
[ 2024-11-22 09:04:38,274 ] 1197 snowflake.connector.connection - INFO - Connecting to GLOBAL Snowflake domain
[ 2024-11-22 09:04:38,274 ] 1278 snowflake.connector.connection - INFO - This connection is in OCSP Fail Open Mode. TLS Certificates would be checked for validity and revocation status. Any other Certificate Revocation related exceptions or OCSP Responder failures would be disregarded in favor of connectivity.
[ 2024-11-22 09:04:39,414 ] 42 utils.database - INFO - Connection to Snowflake established successfully.
[ 2024-11-22 09:04:39,468 ] 1166 snowflake.connector.cursor - INFO - Number of results in first chunk: 1
[ 2024-11-22 09:04:39,468 ] 61 utils.database - INFO - Query executed successfully: [(226446,)]
[ 2024-11-22 09:04:39,469 ] 789 snowflake.connector.connection - INFO - closed
[ 2024-11-22 09:04:39,491 ] 795 snowflake.connector.connection - INFO - No async queries seem to be running, deleting session
[ 2024-11-22 09:04:39,553 ] 414 snowflake.connector.connection - INFO - Snowflake Connector for Python Version: 3.12.3, Python Version: 3.11.5, Platform: Windows-10-10.0.22631-SP0
[ 2024-11-22 09:04:39,554 ] 1197 snowflake.connector.connection - INFO - Connecting to GLOBAL Snowflake domain
[ 2024-11-22 09:04:39,554 ] 1278 snowflake.connector.connection - INFO - This connection is in OCSP Fail Open Mode. TLS Certificates would be checked for validity and revocation status. Any other Certificate Revocation related exceptions or OCSP Responder failures would be disregarded in favor of connectivity.
[ 2024-11-22 09:04:40,470 ] 42 utils.database - INFO - Connection to Snowflake established successfully.
[ 2024-11-22 09:04:40,536 ] 1166 snowflake.connector.cursor - INFO - Number of results in first chunk: 1
[ 2024-11-22 09:04:40,536 ] 61 utils.database - INFO - Query executed successfully: [(28,)]
[ 2024-11-22 09:04:40,536 ] 789 snowflake.connector.connection - INFO - closed
[ 2024-11-22 09:04:40,559 ] 795 snowflake.connector.connection - INFO - No async queries seem to be running, deleting session
[ 2024-11-22 09:04:40,639 ] 414 snowflake.connector.connection - INFO - Snowflake Connector for Python Version: 3.12.3, Python Version: 3.11.5, Platform: Windows-10-10.0.22631-SP0
[ 2024-11-22 09:04:40,640 ] 1197 snowflake.connector.connection - INFO - Connecting to GLOBAL Snowflake domain
[ 2024-11-22 09:04:40,640 ] 1278 snowflake.connector.connection - INFO - This connection is in OCSP Fail Open Mode. TLS Certificates would be checked for validity and revocation status. Any other Certificate Revocation related exceptions or OCSP Responder failures would be disregarded in favor of connectivity.
[ 2024-11-22 09:04:41,565 ] 42 utils.database - INFO - Connection to Snowflake established successfully.
[ 2024-11-22 09:04:41,607 ] 1166 snowflake.connector.cursor - INFO - Number of results in first chunk: 31
[ 2024-11-22 09:04:41,608 ] 61 utils.database - INFO - Query executed successfully: [('Yadgiri', Decimal('58.578100')), ('Chamarajanagar', Decimal('47.272700')), ('Kolar', Decimal('46.924500')), ('Chikkaballapur', Decimal('38.203100')), ('Davanagere', Decimal('25.705300')), ('Bengaluru_Rural', Decimal('23.622000')), ('Raichur', Decimal('23.524600')), ('Vijayapura', Decimal('21.766400')), ('Ramanagara', Decimal('21.735300')), ('Gadag', Decimal('20.454500')), ('Tumakuru', Decimal('20.101900')), ('Ballari', Decimal('19.868800')), ('Kalaburagi', Decimal('18.483900')), ('Mandya', Decimal('16.073100')), ('Haveri', Decimal('15.447300')), ('Bidar', Decimal('11.416800')), ('Bagalkot', Decimal('11.082500')), ('Koppal', Decimal('10.816900')), ('Mysuru', Decimal('10.402700')), ('Chikkamagaluru', Decimal('10.122200')), ('Belagavi', Decimal('9.367700')), ('UttaraKannada', Decimal('8.454800')), ('Shivamogga', Decimal('6.467800')), ('Chitradurga', Decimal('4.547900')), ('Bengaluru_Urban', Decimal('4.098800')), ('Udupi', Decimal('3.478300')), ('Dharwad', Decimal('2.181700')), ('Hassan', Decimal('1.921200')), ('DakshinaKannada', Decimal('1.121200')), ('Kodagu', Decimal('0.000000')), ('Vijayanagara', Decimal('0.000000'))]
[ 2024-11-22 09:04:41,609 ] 789 snowflake.connector.connection - INFO - closed
[ 2024-11-22 09:04:41,629 ] 795 snowflake.connector.connection - INFO - No async queries seem to be running, deleting session
[ 2024-11-22 09:04:41,691 ] 414 snowflake.connector.connection - INFO - Snowflake Connector for Python Version: 3.12.3, Python Version: 3.11.5, Platform: Windows-10-10.0.22631-SP0
[ 2024-11-22 09:04:41,691 ] 1197 snowflake.connector.connection - INFO - Connecting to GLOBAL Snowflake domain
[ 2024-11-22 09:04:41,693 ] 1278 snowflake.connector.connection - INFO - This connection is in OCSP Fail Open Mode. TLS Certificates would be checked for validity and revocation status. Any other Certificate Revocation related exceptions or OCSP Responder failures would be disregarded in favor of connectivity.
[ 2024-11-22 09:04:42,518 ] 42 utils.database - INFO - Connection to Snowflake established successfully.
[ 2024-11-22 09:04:42,612 ] 1166 snowflake.connector.cursor - INFO - Number of results in first chunk: 31
[ 2024-11-22 09:04:42,614 ] 61 utils.database - INFO - Query executed successfully: [('Bagalkot',), ('Ballari',), ('Belagavi',), ('Bengaluru_Rural',), ('Bengaluru_Urban',), ('Bidar',), ('Chamarajanagar',), ('Chikkaballapur',), ('Chikkamagaluru',), ('Chitradurga',), ('DakshinaKannada',), ('Dharwad',), ('Hassan',), ('Kalaburagi',), ('Kodagu',), ('Kolar',), ('Mandya',), ('Mysuru',), ('Raichur',), ('Ramanagara',), ('Tumakuru',), ('Yadgiri',), ('Koppal',), ('Shivamogga',), ('UttaraKannada',), ('Vijayanagara',), ('Vijayapura',), ('Gadag',), ('Haveri',), ('Udupi',), ('Davanagere',)]
[ 2024-11-22 09:04:42,614 ] 789 snowflake.connector.connection - INFO - closed
[ 2024-11-22 09:04:42,679 ] 795 snowflake.connector.connection - INFO - No async queries seem to be running, deleting session
[ 2024-11-22 09:07:56,726 ] 21 logger - INFO - Logger is working correctly!
[ 2024-11-22 09:07:56,726 ] 22 utils.database - INFO - Queries loaded successfully: ['INSERT_USER_APPLICATION', 'FETCH_USERID_QUERY', 'UPDATE_USER_PROJECT_PROGRESS', 'FETCH_PENDING_APPLICATIONS', 'UPDATE_USER_STATUS', 'UPDATE_PMAY_DATA', 'UPDATE_USER_OFFICER_ID', 'FETCH_PROGRESS_NOT_STARTED', 'UPDATE_PMARY_PROGRESS_FOUNDATION', 'UPDATE_PMARY_PROGRESS_LINTEL', 'UPDATE_PMARY_PROGRESS_ROOF', 'UPDATE_PMARY_PROGRESS_COMPLETED', 'UPDATE_USER_FOUNDATION_URL', 'UPDATE_USER_LINTEL_URL', 'UPDATE_USER_ROOF_URL', 'UPDATE_USER_COMPLETED_URL', 'UPDATE_USER_SANITATION_URL', 'FETCH_USERS_WITH_COMPLETEDVERF', 'Fetch the progress data for Karnataka districts in PMAY', 'Use PROGRESS_TOTAL to calculate progress', 'FETCH_TOTAL_BENEFICIARIES', 'FETCH_COMPLETED_HOMES', 'FETCH_UNSTARTED_PROJECTS', 'FETCH_ACTIVE_DISTRICTS', 'FETCH_PERFORMANCE_RANKING', 'FETCH_DISTINCT_DISTRICTS', 'FETCH_DISTRICT_COMPARISON']
[ 2024-11-22 09:08:21,478 ] 414 snowflake.connector.connection - INFO - Snowflake Connector for Python Version: 3.12.3, Python Version: 3.11.5, Platform: Windows-10-10.0.22631-SP0
[ 2024-11-22 09:08:21,478 ] 1197 snowflake.connector.connection - INFO - Connecting to GLOBAL Snowflake domain
[ 2024-11-22 09:08:21,478 ] 1278 snowflake.connector.connection - INFO - This connection is in OCSP Fail Open Mode. TLS Certificates would be checked for validity and revocation status. Any other Certificate Revocation related exceptions or OCSP Responder failures would be disregarded in favor of connectivity.
[ 2024-11-22 09:08:21,990 ] 42 utils.database - INFO - Connection to Snowflake established successfully.
[ 2024-11-22 09:08:22,069 ] 1166 snowflake.connector.cursor - INFO - Number of results in first chunk: 1
[ 2024-11-22 09:08:22,070 ] 61 utils.database - INFO - Query executed successfully: [(349164,)]
[ 2024-11-22 09:08:22,070 ] 789 snowflake.connector.connection - INFO - closed
[ 2024-11-22 09:08:22,167 ] 795 snowflake.connector.connection - INFO - No async queries seem to be running, deleting session
[ 2024-11-22 09:08:22,237 ] 414 snowflake.connector.connection - INFO - Snowflake Connector for Python Version: 3.12.3, Python Version: 3.11.5, Platform: Windows-10-10.0.22631-SP0
[ 2024-11-22 09:08:22,237 ] 1197 snowflake.connector.connection - INFO - Connecting to GLOBAL Snowflake domain
[ 2024-11-22 09:08:22,237 ] 1278 snowflake.connector.connection - INFO - This connection is in OCSP Fail Open Mode. TLS Certificates would be checked for validity and revocation status. Any other Certificate Revocation related exceptions or OCSP Responder failures would be disregarded in favor of connectivity.
[ 2024-11-22 09:08:22,738 ] 42 utils.database - INFO - Connection to Snowflake established successfully.
[ 2024-11-22 09:08:22,812 ] 1166 snowflake.connector.cursor - INFO - Number of results in first chunk: 1
[ 2024-11-22 09:08:22,812 ] 61 utils.database - INFO - Query executed successfully: [(36475,)]
[ 2024-11-22 09:08:22,812 ] 789 snowflake.connector.connection - INFO - closed
[ 2024-11-22 09:08:22,904 ] 795 snowflake.connector.connection - INFO - No async queries seem to be running, deleting session
[ 2024-11-22 09:08:22,928 ] 414 snowflake.connector.connection - INFO - Snowflake Connector for Python Version: 3.12.3, Python Version: 3.11.5, Platform: Windows-10-10.0.22631-SP0
[ 2024-11-22 09:08:22,929 ] 1197 snowflake.connector.connection - INFO - Connecting to GLOBAL Snowflake domain
[ 2024-11-22 09:08:22,929 ] 1278 snowflake.connector.connection - INFO - This connection is in OCSP Fail Open Mode. TLS Certificates would be checked for validity and revocation status. Any other Certificate Revocation related exceptions or OCSP Responder failures would be disregarded in favor of connectivity.
[ 2024-11-22 09:08:23,310 ] 42 utils.database - INFO - Connection to Snowflake established successfully.
[ 2024-11-22 09:08:23,388 ] 1166 snowflake.connector.cursor - INFO - Number of results in first chunk: 1
[ 2024-11-22 09:08:23,388 ] 61 utils.database - INFO - Query executed successfully: [(226446,)]
[ 2024-11-22 09:08:23,388 ] 789 snowflake.connector.connection - INFO - closed
[ 2024-11-22 09:08:23,470 ] 795 snowflake.connector.connection - INFO - No async queries seem to be running, deleting session
[ 2024-11-22 09:08:23,555 ] 414 snowflake.connector.connection - INFO - Snowflake Connector for Python Version: 3.12.3, Python Version: 3.11.5, Platform: Windows-10-10.0.22631-SP0
[ 2024-11-22 09:08:23,555 ] 1197 snowflake.connector.connection - INFO - Connecting to GLOBAL Snowflake domain
[ 2024-11-22 09:08:23,555 ] 1278 snowflake.connector.connection - INFO - This connection is in OCSP Fail Open Mode. TLS Certificates would be checked for validity and revocation status. Any other Certificate Revocation related exceptions or OCSP Responder failures would be disregarded in favor of connectivity.
[ 2024-11-22 09:08:24,059 ] 42 utils.database - INFO - Connection to Snowflake established successfully.
[ 2024-11-22 09:08:24,128 ] 1166 snowflake.connector.cursor - INFO - Number of results in first chunk: 1
[ 2024-11-22 09:08:24,128 ] 61 utils.database - INFO - Query executed successfully: [(28,)]
[ 2024-11-22 09:08:24,128 ] 789 snowflake.connector.connection - INFO - closed
[ 2024-11-22 09:08:24,210 ] 795 snowflake.connector.connection - INFO - No async queries seem to be running, deleting session
[ 2024-11-22 09:08:24,248 ] 414 snowflake.connector.connection - INFO - Snowflake Connector for Python Version: 3.12.3, Python Version: 3.11.5, Platform: Windows-10-10.0.22631-SP0
[ 2024-11-22 09:08:24,249 ] 1197 snowflake.connector.connection - INFO - Connecting to GLOBAL Snowflake domain
[ 2024-11-22 09:08:24,249 ] 1278 snowflake.connector.connection - INFO - This connection is in OCSP Fail Open Mode. TLS Certificates would be checked for validity and revocation status. Any other Certificate Revocation related exceptions or OCSP Responder failures would be disregarded in favor of connectivity.
[ 2024-11-22 09:08:24,989 ] 42 utils.database - INFO - Connection to Snowflake established successfully.
[ 2024-11-22 09:08:25,034 ] 1166 snowflake.connector.cursor - INFO - Number of results in first chunk: 31
[ 2024-11-22 09:08:25,035 ] 61 utils.database - INFO - Query executed successfully: [('Yadgiri', Decimal('58.578100')), ('Chamarajanagar', Decimal('47.272700')), ('Kolar', Decimal('46.924500')), ('Chikkaballapur', Decimal('38.203100')), ('Davanagere', Decimal('25.705300')), ('Bengaluru_Rural', Decimal('23.622000')), ('Raichur', Decimal('23.524600')), ('Vijayapura', Decimal('21.766400')), ('Ramanagara', Decimal('21.735300')), ('Gadag', Decimal('20.454500')), ('Tumakuru', Decimal('20.101900')), ('Ballari', Decimal('19.868800')), ('Kalaburagi', Decimal('18.483900')), ('Mandya', Decimal('16.073100')), ('Haveri', Decimal('15.447300')), ('Bidar', Decimal('11.416800')), ('Bagalkot', Decimal('11.082500')), ('Koppal', Decimal('10.816900')), ('Mysuru', Decimal('10.402700')), ('Chikkamagaluru', Decimal('10.122200')), ('Belagavi', Decimal('9.367700')), ('UttaraKannada', Decimal('8.454800')), ('Shivamogga', Decimal('6.467800')), ('Chitradurga', Decimal('4.547900')), ('Bengaluru_Urban', Decimal('4.098800')), ('Udupi', Decimal('3.478300')), ('Dharwad', Decimal('2.181700')), ('Hassan', Decimal('1.921200')), ('DakshinaKannada', Decimal('1.121200')), ('Kodagu', Decimal('0.000000')), ('Vijayanagara', Decimal('0.000000'))]
[ 2024-11-22 09:08:25,035 ] 789 snowflake.connector.connection - INFO - closed
[ 2024-11-22 09:08:25,115 ] 795 snowflake.connector.connection - INFO - No async queries seem to be running, deleting session
[ 2024-11-22 09:08:25,157 ] 414 snowflake.connector.connection - INFO - Snowflake Connector for Python Version: 3.12.3, Python Version: 3.11.5, Platform: Windows-10-10.0.22631-SP0
[ 2024-11-22 09:08:25,157 ] 1197 snowflake.connector.connection - INFO - Connecting to GLOBAL Snowflake domain
[ 2024-11-22 09:08:25,158 ] 1278 snowflake.connector.connection - INFO - This connection is in OCSP Fail Open Mode. TLS Certificates would be checked for validity and revocation status. Any other Certificate Revocation related exceptions or OCSP Responder failures would be disregarded in favor of connectivity.
[ 2024-11-22 09:08:25,825 ] 42 utils.database - INFO - Connection to Snowflake established successfully.
[ 2024-11-22 09:08:25,870 ] 1166 snowflake.connector.cursor - INFO - Number of results in first chunk: 31
[ 2024-11-22 09:08:25,870 ] 61 utils.database - INFO - Query executed successfully: [('Bagalkot',), ('Ballari',), ('Belagavi',), ('Bengaluru_Rural',), ('Bengaluru_Urban',), ('Bidar',), ('Chamarajanagar',), ('Chikkaballapur',), ('Chikkamagaluru',), ('Chitradurga',), ('DakshinaKannada',), ('Dharwad',), ('Hassan',), ('Kalaburagi',), ('Kodagu',), ('Kolar',), ('Mandya',), ('Mysuru',), ('Raichur',), ('Ramanagara',), ('Tumakuru',), ('Yadgiri',), ('Koppal',), ('Shivamogga',), ('UttaraKannada',), ('Vijayanagara',), ('Vijayapura',), ('Gadag',), ('Haveri',), ('Udupi',), ('Davanagere',)]
[ 2024-11-22 09:08:25,870 ] 789 snowflake.connector.connection - INFO - closed
[ 2024-11-22 09:08:25,938 ] 795 snowflake.connector.connection - INFO - No async queries seem to be running, deleting session
[ 2024-11-22 09:10:19,772 ] 21 logger - INFO - Logger is working correctly!
[ 2024-11-22 09:10:19,772 ] 22 utils.database - INFO - Queries loaded successfully: ['INSERT_USER_APPLICATION', 'FETCH_USERID_QUERY', 'UPDATE_USER_PROJECT_PROGRESS', 'FETCH_PENDING_APPLICATIONS', 'UPDATE_USER_STATUS', 'UPDATE_PMAY_DATA', 'UPDATE_USER_OFFICER_ID', 'FETCH_PROGRESS_NOT_STARTED', 'UPDATE_PMARY_PROGRESS_FOUNDATION', 'UPDATE_PMARY_PROGRESS_LINTEL', 'UPDATE_PMARY_PROGRESS_ROOF', 'UPDATE_PMARY_PROGRESS_COMPLETED', 'UPDATE_USER_FOUNDATION_URL', 'UPDATE_USER_LINTEL_URL', 'UPDATE_USER_ROOF_URL', 'UPDATE_USER_COMPLETED_URL', 'UPDATE_USER_SANITATION_URL', 'FETCH_USERS_WITH_COMPLETEDVERF', 'Fetch the progress data for Karnataka districts in PMAY', 'Use PROGRESS_TOTAL to calculate progress', 'FETCH_TOTAL_BENEFICIARIES', 'FETCH_COMPLETED_HOMES', 'FETCH_UNSTARTED_PROJECTS', 'FETCH_ACTIVE_DISTRICTS', 'FETCH_PERFORMANCE_RANKING', 'FETCH_DISTINCT_DISTRICTS', 'FETCH_DISTRICT_COMPARISON']
[ 2024-11-22 09:10:22,001 ] 414 snowflake.connector.connection - INFO - Snowflake Connector for Python Version: 3.12.3, Python Version: 3.11.5, Platform: Windows-10-10.0.22631-SP0
[ 2024-11-22 09:10:22,001 ] 1197 snowflake.connector.connection - INFO - Connecting to GLOBAL Snowflake domain
[ 2024-11-22 09:10:22,001 ] 1278 snowflake.connector.connection - INFO - This connection is in OCSP Fail Open Mode. TLS Certificates would be checked for validity and revocation status. Any other Certificate Revocation related exceptions or OCSP Responder failures would be disregarded in favor of connectivity.
[ 2024-11-22 09:10:23,112 ] 42 utils.database - INFO - Connection to Snowflake established successfully.
[ 2024-11-22 09:10:23,184 ] 1166 snowflake.connector.cursor - INFO - Number of results in first chunk: 1
[ 2024-11-22 09:10:23,184 ] 61 utils.database - INFO - Query executed successfully: [(349164,)]
[ 2024-11-22 09:10:23,184 ] 789 snowflake.connector.connection - INFO - closed
[ 2024-11-22 09:10:23,205 ] 795 snowflake.connector.connection - INFO - No async queries seem to be running, deleting session
[ 2024-11-22 09:10:23,233 ] 414 snowflake.connector.connection - INFO - Snowflake Connector for Python Version: 3.12.3, Python Version: 3.11.5, Platform: Windows-10-10.0.22631-SP0
[ 2024-11-22 09:10:23,234 ] 1197 snowflake.connector.connection - INFO - Connecting to GLOBAL Snowflake domain
[ 2024-11-22 09:10:23,234 ] 1278 snowflake.connector.connection - INFO - This connection is in OCSP Fail Open Mode. TLS Certificates would be checked for validity and revocation status. Any other Certificate Revocation related exceptions or OCSP Responder failures would be disregarded in favor of connectivity.
[ 2024-11-22 09:10:24,394 ] 42 utils.database - INFO - Connection to Snowflake established successfully.
[ 2024-11-22 09:10:24,459 ] 1166 snowflake.connector.cursor - INFO - Number of results in first chunk: 1
[ 2024-11-22 09:10:24,459 ] 61 utils.database - INFO - Query executed successfully: [(36475,)]
[ 2024-11-22 09:10:24,459 ] 789 snowflake.connector.connection - INFO - closed
[ 2024-11-22 09:10:24,494 ] 795 snowflake.connector.connection - INFO - No async queries seem to be running, deleting session
[ 2024-11-22 09:10:24,530 ] 414 snowflake.connector.connection - INFO - Snowflake Connector for Python Version: 3.12.3, Python Version: 3.11.5, Platform: Windows-10-10.0.22631-SP0
[ 2024-11-22 09:10:24,530 ] 1197 snowflake.connector.connection - INFO - Connecting to GLOBAL Snowflake domain
[ 2024-11-22 09:10:24,531 ] 1278 snowflake.connector.connection - INFO - This connection is in OCSP Fail Open Mode. TLS Certificates would be checked for validity and revocation status. Any other Certificate Revocation related exceptions or OCSP Responder failures would be disregarded in favor of connectivity.
[ 2024-11-22 09:10:25,184 ] 42 utils.database - INFO - Connection to Snowflake established successfully.
[ 2024-11-22 09:10:25,238 ] 1166 snowflake.connector.cursor - INFO - Number of results in first chunk: 1
[ 2024-11-22 09:10:25,239 ] 61 utils.database - INFO - Query executed successfully: [(226446,)]
[ 2024-11-22 09:10:25,239 ] 789 snowflake.connector.connection - INFO - closed
[ 2024-11-22 09:10:25,264 ] 795 snowflake.connector.connection - INFO - No async queries seem to be running, deleting session
[ 2024-11-22 09:10:25,305 ] 414 snowflake.connector.connection - INFO - Snowflake Connector for Python Version: 3.12.3, Python Version: 3.11.5, Platform: Windows-10-10.0.22631-SP0
[ 2024-11-22 09:10:25,306 ] 1197 snowflake.connector.connection - INFO - Connecting to GLOBAL Snowflake domain
[ 2024-11-22 09:10:25,306 ] 1278 snowflake.connector.connection - INFO - This connection is in OCSP Fail Open Mode. TLS Certificates would be checked for validity and revocation status. Any other Certificate Revocation related exceptions or OCSP Responder failures would be disregarded in favor of connectivity.
[ 2024-11-22 09:10:26,291 ] 42 utils.database - INFO - Connection to Snowflake established successfully.
[ 2024-11-22 09:10:26,362 ] 1166 snowflake.connector.cursor - INFO - Number of results in first chunk: 1
[ 2024-11-22 09:10:26,363 ] 61 utils.database - INFO - Query executed successfully: [(28,)]
[ 2024-11-22 09:10:26,363 ] 789 snowflake.connector.connection - INFO - closed
[ 2024-11-22 09:10:26,387 ] 795 snowflake.connector.connection - INFO - No async queries seem to be running, deleting session
[ 2024-11-22 09:10:26,456 ] 414 snowflake.connector.connection - INFO - Snowflake Connector for Python Version: 3.12.3, Python Version: 3.11.5, Platform: Windows-10-10.0.22631-SP0
[ 2024-11-22 09:10:26,456 ] 1197 snowflake.connector.connection - INFO - Connecting to GLOBAL Snowflake domain
[ 2024-11-22 09:10:26,456 ] 1278 snowflake.connector.connection - INFO - This connection is in OCSP Fail Open Mode. TLS Certificates would be checked for validity and revocation status. Any other Certificate Revocation related exceptions or OCSP Responder failures would be disregarded in favor of connectivity.
[ 2024-11-22 09:10:27,123 ] 42 utils.database - INFO - Connection to Snowflake established successfully.
[ 2024-11-22 09:10:27,159 ] 1166 snowflake.connector.cursor - INFO - Number of results in first chunk: 31
[ 2024-11-22 09:10:27,161 ] 61 utils.database - INFO - Query executed successfully: [('Yadgiri', Decimal('58.578100')), ('Chamarajanagar', Decimal('47.272700')), ('Kolar', Decimal('46.924500')), ('Chikkaballapur', Decimal('38.203100')), ('Davanagere', Decimal('25.705300')), ('Bengaluru_Rural', Decimal('23.622000')), ('Raichur', Decimal('23.524600')), ('Vijayapura', Decimal('21.766400')), ('Ramanagara', Decimal('21.735300')), ('Gadag', Decimal('20.454500')), ('Tumakuru', Decimal('20.101900')), ('Ballari', Decimal('19.868800')), ('Kalaburagi', Decimal('18.483900')), ('Mandya', Decimal('16.073100')), ('Haveri', Decimal('15.447300')), ('Bidar', Decimal('11.416800')), ('Bagalkot', Decimal('11.082500')), ('Koppal', Decimal('10.816900')), ('Mysuru', Decimal('10.402700')), ('Chikkamagaluru', Decimal('10.122200')), ('Belagavi', Decimal('9.367700')), ('UttaraKannada', Decimal('8.454800')), ('Shivamogga', Decimal('6.467800')), ('Chitradurga', Decimal('4.547900')), ('Bengaluru_Urban', Decimal('4.098800')), ('Udupi', Decimal('3.478300')), ('Dharwad', Decimal('2.181700')), ('Hassan', Decimal('1.921200')), ('DakshinaKannada', Decimal('1.121200')), ('Kodagu', Decimal('0.000000')), ('Vijayanagara', Decimal('0.000000'))]
[ 2024-11-22 09:10:27,161 ] 789 snowflake.connector.connection - INFO - closed
[ 2024-11-22 09:10:27,382 ] 795 snowflake.connector.connection - INFO - No async queries seem to be running, deleting session
[ 2024-11-22 09:10:27,422 ] 414 snowflake.connector.connection - INFO - Snowflake Connector for Python Version: 3.12.3, Python Version: 3.11.5, Platform: Windows-10-10.0.22631-SP0
[ 2024-11-22 09:10:27,423 ] 1197 snowflake.connector.connection - INFO - Connecting to GLOBAL Snowflake domain
[ 2024-11-22 09:10:27,424 ] 1278 snowflake.connector.connection - INFO - This connection is in OCSP Fail Open Mode. TLS Certificates would be checked for validity and revocation status. Any other Certificate Revocation related exceptions or OCSP Responder failures would be disregarded in favor of connectivity.
[ 2024-11-22 09:10:28,060 ] 42 utils.database - INFO - Connection to Snowflake established successfully.
[ 2024-11-22 09:10:28,152 ] 1166 snowflake.connector.cursor - INFO - Number of results in first chunk: 31
[ 2024-11-22 09:10:28,153 ] 61 utils.database - INFO - Query executed successfully: [('Bagalkot',), ('Ballari',), ('Belagavi',), ('Bengaluru_Rural',), ('Bengaluru_Urban',), ('Bidar',), ('Chamarajanagar',), ('Chikkaballapur',), ('Chikkamagaluru',), ('Chitradurga',), ('DakshinaKannada',), ('Dharwad',), ('Hassan',), ('Kalaburagi',), ('Kodagu',), ('Kolar',), ('Mandya',), ('Mysuru',), ('Raichur',), ('Ramanagara',), ('Tumakuru',), ('Yadgiri',), ('Koppal',), ('Shivamogga',), ('UttaraKannada',), ('Vijayanagara',), ('Vijayapura',), ('Gadag',), ('Haveri',), ('Udupi',), ('Davanagere',)]
[ 2024-11-22 09:10:28,153 ] 789 snowflake.connector.connection - INFO - closed
[ 2024-11-22 09:10:28,180 ] 795 snowflake.connector.connection - INFO - No async queries seem to be running, deleting session
