[ 2024-11-20 17:46:51,298 ] 21 logger - INFO - Logger is working correctly!
[ 2024-11-20 17:46:51,623 ] 148 numexpr.utils - INFO - Note: NumExpr detected 12 cores but "NUMEXPR_MAX_THREADS" not set, so enforcing safe limit of 8.
[ 2024-11-20 17:46:51,624 ] 160 numexpr.utils - INFO - NumExpr defaulting to 8 threads.
[ 2024-11-20 17:46:52,372 ] 22 utils.database - INFO - Queries loaded successfully: ['INSERT_USER_APPLICATION', 'FETCH_USERID_QUERY', 'UPDATE_USER_PROJECT_PROGRESS', 'FETCH_PENDING_APPLICATIONS', 'UPDATE_USER_STATUS', 'UPDATE_PMAY_DATA']
[ 2024-11-20 17:46:52,372 ] 16 __main__ - INFO - Attempting to update application status for UserID: 064e4d10-8217-4a5d-a7a8-c79fca2c4a17, District: Bagalkot.
[ 2024-11-20 17:46:52,381 ] 414 snowflake.connector.connection - INFO - Snowflake Connector for Python Version: 3.12.3, Python Version: 3.11.5, Platform: Windows-10-10.0.22631-SP0
[ 2024-11-20 17:46:52,382 ] 1197 snowflake.connector.connection - INFO - Connecting to GLOBAL Snowflake domain
[ 2024-11-20 17:46:52,382 ] 1278 snowflake.connector.connection - INFO - This connection is in OCSP Fail Open Mode. TLS Certificates would be checked for validity and revocation status. Any other Certificate Revocation related exceptions or OCSP Responder failures would be disregarded in favor of connectivity.
[ 2024-11-20 17:46:53,131 ] 42 utils.database - INFO - Connection to Snowflake established successfully.
[ 2024-11-20 17:46:53,680 ] 1166 snowflake.connector.cursor - INFO - Number of results in first chunk: 1
[ 2024-11-20 17:46:53,681 ] 65 utils.database - INFO - Query executed successfully (INSERT/UPDATE/DELETE).
[ 2024-11-20 17:46:53,681 ] 789 snowflake.connector.connection - INFO - closed
[ 2024-11-20 17:46:53,796 ] 795 snowflake.connector.connection - INFO - No async queries seem to be running, deleting session
[ 2024-11-20 17:46:53,873 ] 20 __main__ - INFO - Application status successfully updated for UserID: 064e4d10-8217-4a5d-a7a8-c79fca2c4a17.
[ 2024-11-20 17:46:53,873 ] 23 __main__ - INFO - Attempting to update PMAY data for District: Bagalkot.
[ 2024-11-20 17:46:53,875 ] 414 snowflake.connector.connection - INFO - Snowflake Connector for Python Version: 3.12.3, Python Version: 3.11.5, Platform: Windows-10-10.0.22631-SP0
[ 2024-11-20 17:46:53,875 ] 1197 snowflake.connector.connection - INFO - Connecting to GLOBAL Snowflake domain
[ 2024-11-20 17:46:53,875 ] 1278 snowflake.connector.connection - INFO - This connection is in OCSP Fail Open Mode. TLS Certificates would be checked for validity and revocation status. Any other Certificate Revocation related exceptions or OCSP Responder failures would be disregarded in favor of connectivity.
[ 2024-11-20 17:46:54,290 ] 42 utils.database - INFO - Connection to Snowflake established successfully.
[ 2024-11-20 17:46:54,482 ] 1166 snowflake.connector.cursor - INFO - Number of results in first chunk: 1
[ 2024-11-20 17:46:54,482 ] 65 utils.database - INFO - Query executed successfully (INSERT/UPDATE/DELETE).
[ 2024-11-20 17:46:54,482 ] 789 snowflake.connector.connection - INFO - closed
[ 2024-11-20 17:46:54,522 ] 795 snowflake.connector.connection - INFO - No async queries seem to be running, deleting session
[ 2024-11-20 17:46:54,543 ] 27 __main__ - INFO - PMAY data successfully updated for District: Bagalkot.
